[2025-05-21T13:30:09.345+0000] {taskinstance.py:1157} INFO - Dependencies all met for dep_context=non-requeueable deps ti=<TaskInstance: weather_streaming_pipeline.process_weather_data manual__2025-05-21T13:29:54.350789+00:00 [queued]>
[2025-05-21T13:30:09.363+0000] {taskinstance.py:1157} INFO - Dependencies all met for dep_context=requeueable deps ti=<TaskInstance: weather_streaming_pipeline.process_weather_data manual__2025-05-21T13:29:54.350789+00:00 [queued]>
[2025-05-21T13:30:09.364+0000] {taskinstance.py:1359} INFO - Starting attempt 1 of 2
[2025-05-21T13:30:09.400+0000] {taskinstance.py:1380} INFO - Executing <Task(BashOperator): process_weather_data> on 2025-05-21 13:29:54.350789+00:00
[2025-05-21T13:30:09.414+0000] {standard_task_runner.py:57} INFO - Started process 184 to run task
[2025-05-21T13:30:09.420+0000] {standard_task_runner.py:84} INFO - Running: ['airflow', 'tasks', 'run', 'weather_streaming_pipeline', 'process_weather_data', 'manual__2025-05-21T13:29:54.350789+00:00', '--job-id', '97', '--raw', '--subdir', 'DAGS_FOLDER/weather_streaming_dag.py', '--cfg-path', '/tmp/tmpavih759k']
[2025-05-21T13:30:09.430+0000] {standard_task_runner.py:85} INFO - Job 97: Subtask process_weather_data
[2025-05-21T13:30:09.488+0000] {logging_mixin.py:151} WARNING - /home/airflow/.local/lib/python3.8/site-packages/airflow/settings.py:195 DeprecationWarning: The sql_alchemy_conn option in [core] has been moved to the sql_alchemy_conn option in [database] - the old setting has been used, but please update your config.
[2025-05-21T13:30:09.559+0000] {task_command.py:415} INFO - Running <TaskInstance: weather_streaming_pipeline.process_weather_data manual__2025-05-21T13:29:54.350789+00:00 [running]> on host 90f6607be6b0
[2025-05-21T13:30:09.782+0000] {taskinstance.py:1660} INFO - Exporting env vars: AIRFLOW_CTX_DAG_OWNER='airflow' AIRFLOW_CTX_DAG_ID='weather_streaming_pipeline' AIRFLOW_CTX_TASK_ID='process_weather_data' AIRFLOW_CTX_EXECUTION_DATE='2025-05-21T13:29:54.350789+00:00' AIRFLOW_CTX_TRY_NUMBER='1' AIRFLOW_CTX_DAG_RUN_ID='manual__2025-05-21T13:29:54.350789+00:00'
[2025-05-21T13:30:09.784+0000] {subprocess.py:63} INFO - Tmp dir root location: /tmp
[2025-05-21T13:30:09.786+0000] {subprocess.py:75} INFO - Running command: ['/bin/bash', '-c', '\n    spark-submit         --master spark://spark-master:7077         --packages org.***ql:***ql:42.5.0,org.apache.hadoop:hadoop-aws:3.3.1,com.amazonaws:aws-java-sdk-bundle:1.11.901         /opt/airflow/dags/scripts/weather_transform.py\n    ']
[2025-05-21T13:30:09.806+0000] {subprocess.py:86} INFO - Output:
[2025-05-21T13:30:09.831+0000] {subprocess.py:93} INFO - /opt/spark/bin/load-spark-env.sh: line 68: ps: command not found
[2025-05-21T13:30:18.285+0000] {subprocess.py:93} INFO - :: loading settings :: url = jar:file:/opt/spark/jars/ivy-2.5.0.jar!/org/apache/ivy/core/settings/ivysettings.xml
[2025-05-21T13:30:18.597+0000] {subprocess.py:93} INFO - Ivy Default Cache set to: /home/airflow/.ivy2/cache
[2025-05-21T13:30:18.599+0000] {subprocess.py:93} INFO - The jars for the packages stored in: /home/airflow/.ivy2/jars
[2025-05-21T13:30:18.623+0000] {subprocess.py:93} INFO - org.***ql#***ql added as a dependency
[2025-05-21T13:30:18.624+0000] {subprocess.py:93} INFO - org.apache.hadoop#hadoop-aws added as a dependency
[2025-05-21T13:30:18.624+0000] {subprocess.py:93} INFO - com.amazonaws#aws-java-sdk-bundle added as a dependency
[2025-05-21T13:30:18.627+0000] {subprocess.py:93} INFO - :: resolving dependencies :: org.apache.spark#spark-submit-parent-bde21aec-0f33-4126-bd4c-1030a87ee20c;1.0
[2025-05-21T13:30:18.628+0000] {subprocess.py:93} INFO - 	confs: [default]
[2025-05-21T13:30:20.321+0000] {subprocess.py:93} INFO - 	found org.***ql#***ql;42.5.0 in central
[2025-05-21T13:30:20.468+0000] {subprocess.py:93} INFO - 	found org.checkerframework#checker-qual;3.5.0 in central
[2025-05-21T13:30:20.792+0000] {subprocess.py:93} INFO - 	found org.apache.hadoop#hadoop-aws;3.3.1 in central
[2025-05-21T13:30:20.841+0000] {subprocess.py:93} INFO - 	found com.amazonaws#aws-java-sdk-bundle;1.11.901 in central
[2025-05-21T13:30:20.886+0000] {subprocess.py:93} INFO - 	found org.wildfly.openssl#wildfly-openssl;1.0.7.Final in central
[2025-05-21T13:30:20.948+0000] {subprocess.py:93} INFO - downloading https://repo1.maven.org/maven2/org/***ql/***ql/42.5.0/***ql-42.5.0.jar ...
[2025-05-21T13:30:21.225+0000] {subprocess.py:93} INFO - 	[SUCCESSFUL ] org.***ql#***ql;42.5.0!***ql.jar (296ms)
[2025-05-21T13:30:21.264+0000] {subprocess.py:93} INFO - downloading https://repo1.maven.org/maven2/org/checkerframework/checker-qual/3.5.0/checker-qual-3.5.0.jar ...
[2025-05-21T13:30:21.317+0000] {subprocess.py:93} INFO - 	[SUCCESSFUL ] org.checkerframework#checker-qual;3.5.0!checker-qual.jar (71ms)
[2025-05-21T13:30:21.326+0000] {subprocess.py:93} INFO - :: resolution report :: resolve 2300ms :: artifacts dl 400ms
[2025-05-21T13:30:21.327+0000] {subprocess.py:93} INFO - 	:: modules in use:
[2025-05-21T13:30:21.328+0000] {subprocess.py:93} INFO - 	com.amazonaws#aws-java-sdk-bundle;1.11.901 from central in [default]
[2025-05-21T13:30:21.329+0000] {subprocess.py:93} INFO - 	org.apache.hadoop#hadoop-aws;3.3.1 from central in [default]
[2025-05-21T13:30:21.329+0000] {subprocess.py:93} INFO - 	org.checkerframework#checker-qual;3.5.0 from central in [default]
[2025-05-21T13:30:21.330+0000] {subprocess.py:93} INFO - 	org.***ql#***ql;42.5.0 from central in [default]
[2025-05-21T13:30:21.330+0000] {subprocess.py:93} INFO - 	org.wildfly.openssl#wildfly-openssl;1.0.7.Final from central in [default]
[2025-05-21T13:30:21.331+0000] {subprocess.py:93} INFO - 	---------------------------------------------------------------------
[2025-05-21T13:30:21.332+0000] {subprocess.py:93} INFO - 	|                  |            modules            ||   artifacts   |
[2025-05-21T13:30:21.332+0000] {subprocess.py:93} INFO - 	|       conf       | number| search|dwnlded|evicted|| number|dwnlded|
[2025-05-21T13:30:21.332+0000] {subprocess.py:93} INFO - 	---------------------------------------------------------------------
[2025-05-21T13:30:21.333+0000] {subprocess.py:93} INFO - 	|      default     |   5   |   2   |   2   |   0   ||   5   |   2   |
[2025-05-21T13:30:21.334+0000] {subprocess.py:93} INFO - 	---------------------------------------------------------------------
[2025-05-21T13:30:21.342+0000] {subprocess.py:93} INFO - :: retrieving :: org.apache.spark#spark-submit-parent-bde21aec-0f33-4126-bd4c-1030a87ee20c
[2025-05-21T13:30:21.343+0000] {subprocess.py:93} INFO - 	confs: [default]
[2025-05-21T13:30:21.391+0000] {subprocess.py:93} INFO - 	2 artifacts copied, 3 already retrieved (1231kB/47ms)
[2025-05-21T13:30:22.587+0000] {subprocess.py:93} INFO - 25/05/21 13:30:22 WARN NativeCodeLoader: Unable to load native-hadoop library for your platform... using builtin-java classes where applicable
[2025-05-21T13:30:27.592+0000] {subprocess.py:93} INFO - 2025-05-21 13:30:27,592 - INFO - Script started
[2025-05-21T13:30:27.593+0000] {subprocess.py:93} INFO - 2025-05-21 13:30:27,592 - INFO - Creating Spark session...
[2025-05-21T13:30:28.545+0000] {subprocess.py:93} INFO - 25/05/21 13:30:28 INFO SparkContext: Running Spark version 3.3.1
[2025-05-21T13:30:28.686+0000] {subprocess.py:93} INFO - 25/05/21 13:30:28 INFO ResourceUtils: ==============================================================
[2025-05-21T13:30:28.688+0000] {subprocess.py:93} INFO - 25/05/21 13:30:28 INFO ResourceUtils: No custom resources configured for spark.driver.
[2025-05-21T13:30:28.688+0000] {subprocess.py:93} INFO - 25/05/21 13:30:28 INFO ResourceUtils: ==============================================================
[2025-05-21T13:30:28.690+0000] {subprocess.py:93} INFO - 25/05/21 13:30:28 INFO SparkContext: Submitted application: WeatherTransform
[2025-05-21T13:30:28.883+0000] {subprocess.py:93} INFO - 25/05/21 13:30:28 INFO ResourceProfile: Default ResourceProfile created, executor resources: Map(cores -> name: cores, amount: 1, script: , vendor: , memory -> name: memory, amount: 1024, script: , vendor: , offHeap -> name: offHeap, amount: 0, script: , vendor: ), task resources: Map(cpus -> name: cpus, amount: 1.0)
[2025-05-21T13:30:29.441+0000] {subprocess.py:93} INFO - 25/05/21 13:30:29 INFO ResourceProfile: Limiting resource is cpu
[2025-05-21T13:30:29.445+0000] {subprocess.py:93} INFO - 25/05/21 13:30:29 INFO ResourceProfileManager: Added ResourceProfile id: 0
[2025-05-21T13:30:29.808+0000] {subprocess.py:93} INFO - 25/05/21 13:30:29 INFO SecurityManager: Changing view acls to: airflow
[2025-05-21T13:30:29.809+0000] {subprocess.py:93} INFO - 25/05/21 13:30:29 INFO SecurityManager: Changing modify acls to: airflow
[2025-05-21T13:30:29.810+0000] {subprocess.py:93} INFO - 25/05/21 13:30:29 INFO SecurityManager: Changing view acls groups to:
[2025-05-21T13:30:29.811+0000] {subprocess.py:93} INFO - 25/05/21 13:30:29 INFO SecurityManager: Changing modify acls groups to:
[2025-05-21T13:30:29.812+0000] {subprocess.py:93} INFO - 25/05/21 13:30:29 INFO SecurityManager: SecurityManager: authentication disabled; ui acls disabled; users  with view permissions: Set(airflow); groups with view permissions: Set(); users  with modify permissions: Set(airflow); groups with modify permissions: Set()
[2025-05-21T13:30:32.243+0000] {subprocess.py:93} INFO - 25/05/21 13:30:32 INFO Utils: Successfully started service 'sparkDriver' on port 34555.
[2025-05-21T13:30:32.625+0000] {subprocess.py:93} INFO - 25/05/21 13:30:32 INFO SparkEnv: Registering MapOutputTracker
[2025-05-21T13:30:32.873+0000] {subprocess.py:93} INFO - 25/05/21 13:30:32 INFO SparkEnv: Registering BlockManagerMaster
[2025-05-21T13:30:32.992+0000] {subprocess.py:93} INFO - 25/05/21 13:30:32 INFO BlockManagerMasterEndpoint: Using org.apache.spark.storage.DefaultTopologyMapper for getting topology information
[2025-05-21T13:30:32.993+0000] {subprocess.py:93} INFO - 25/05/21 13:30:32 INFO BlockManagerMasterEndpoint: BlockManagerMasterEndpoint up
[2025-05-21T13:30:33.001+0000] {subprocess.py:93} INFO - 25/05/21 13:30:33 INFO SparkEnv: Registering BlockManagerMasterHeartbeat
[2025-05-21T13:30:33.217+0000] {subprocess.py:93} INFO - 25/05/21 13:30:33 INFO DiskBlockManager: Created local directory at /tmp/blockmgr-40a248f0-51a8-45f0-948e-3812718d3268
[2025-05-21T13:30:33.326+0000] {subprocess.py:93} INFO - 25/05/21 13:30:33 INFO MemoryStore: MemoryStore started with capacity 434.4 MiB
[2025-05-21T13:30:33.392+0000] {subprocess.py:93} INFO - 25/05/21 13:30:33 INFO SparkEnv: Registering OutputCommitCoordinator
[2025-05-21T13:30:34.323+0000] {subprocess.py:93} INFO - 25/05/21 13:30:34 INFO Utils: Successfully started service 'SparkUI' on port 4040.
[2025-05-21T13:30:34.499+0000] {subprocess.py:93} INFO - 25/05/21 13:30:34 INFO SparkContext: Added JAR file:///home/airflow/.ivy2/jars/org.***ql_***ql-42.5.0.jar at spark://90f6607be6b0:34555/jars/org.***ql_***ql-42.5.0.jar with timestamp 1747834228486
[2025-05-21T13:30:34.501+0000] {subprocess.py:93} INFO - 25/05/21 13:30:34 INFO SparkContext: Added JAR file:///home/airflow/.ivy2/jars/org.apache.hadoop_hadoop-aws-3.3.1.jar at spark://90f6607be6b0:34555/jars/org.apache.hadoop_hadoop-aws-3.3.1.jar with timestamp 1747834228486
[2025-05-21T13:30:34.502+0000] {subprocess.py:93} INFO - 25/05/21 13:30:34 INFO SparkContext: Added JAR file:///home/airflow/.ivy2/jars/com.amazonaws_aws-java-sdk-bundle-1.11.901.jar at spark://90f6607be6b0:34555/jars/com.amazonaws_aws-java-sdk-bundle-1.11.901.jar with timestamp 1747834228486
[2025-05-21T13:30:34.503+0000] {subprocess.py:93} INFO - 25/05/21 13:30:34 INFO SparkContext: Added JAR file:///home/airflow/.ivy2/jars/org.checkerframework_checker-qual-3.5.0.jar at spark://90f6607be6b0:34555/jars/org.checkerframework_checker-qual-3.5.0.jar with timestamp 1747834228486
[2025-05-21T13:30:34.504+0000] {subprocess.py:93} INFO - 25/05/21 13:30:34 INFO SparkContext: Added JAR file:///home/airflow/.ivy2/jars/org.wildfly.openssl_wildfly-openssl-1.0.7.Final.jar at spark://90f6607be6b0:34555/jars/org.wildfly.openssl_wildfly-openssl-1.0.7.Final.jar with timestamp 1747834228486
[2025-05-21T13:30:34.515+0000] {subprocess.py:93} INFO - 25/05/21 13:30:34 INFO SparkContext: Added file file:///home/airflow/.ivy2/jars/org.***ql_***ql-42.5.0.jar at spark://90f6607be6b0:34555/files/org.***ql_***ql-42.5.0.jar with timestamp 1747834228486
[2025-05-21T13:30:34.519+0000] {subprocess.py:93} INFO - 25/05/21 13:30:34 INFO Utils: Copying /home/airflow/.ivy2/jars/org.***ql_***ql-42.5.0.jar to /tmp/spark-959db986-b7f1-4180-92e6-1460c680ffc5/userFiles-96591769-9aa5-4515-a0d8-6adbbcab2525/org.***ql_***ql-42.5.0.jar
[2025-05-21T13:30:34.673+0000] {subprocess.py:93} INFO - 25/05/21 13:30:34 INFO SparkContext: Added file file:///home/airflow/.ivy2/jars/org.apache.hadoop_hadoop-aws-3.3.1.jar at spark://90f6607be6b0:34555/files/org.apache.hadoop_hadoop-aws-3.3.1.jar with timestamp 1747834228486
[2025-05-21T13:30:34.674+0000] {subprocess.py:93} INFO - 25/05/21 13:30:34 INFO Utils: Copying /home/airflow/.ivy2/jars/org.apache.hadoop_hadoop-aws-3.3.1.jar to /tmp/spark-959db986-b7f1-4180-92e6-1460c680ffc5/userFiles-96591769-9aa5-4515-a0d8-6adbbcab2525/org.apache.hadoop_hadoop-aws-3.3.1.jar
[2025-05-21T13:30:34.727+0000] {subprocess.py:93} INFO - 25/05/21 13:30:34 INFO SparkContext: Added file file:///home/airflow/.ivy2/jars/com.amazonaws_aws-java-sdk-bundle-1.11.901.jar at spark://90f6607be6b0:34555/files/com.amazonaws_aws-java-sdk-bundle-1.11.901.jar with timestamp 1747834228486
[2025-05-21T13:30:34.729+0000] {subprocess.py:93} INFO - 25/05/21 13:30:34 INFO Utils: Copying /home/airflow/.ivy2/jars/com.amazonaws_aws-java-sdk-bundle-1.11.901.jar to /tmp/spark-959db986-b7f1-4180-92e6-1460c680ffc5/userFiles-96591769-9aa5-4515-a0d8-6adbbcab2525/com.amazonaws_aws-java-sdk-bundle-1.11.901.jar
[2025-05-21T13:30:47.539+0000] {subprocess.py:93} INFO - 25/05/21 13:30:47 INFO SparkContext: Added file file:///home/airflow/.ivy2/jars/org.checkerframework_checker-qual-3.5.0.jar at spark://90f6607be6b0:34555/files/org.checkerframework_checker-qual-3.5.0.jar with timestamp 1747834228486
[2025-05-21T13:30:47.540+0000] {subprocess.py:93} INFO - 25/05/21 13:30:47 INFO Utils: Copying /home/airflow/.ivy2/jars/org.checkerframework_checker-qual-3.5.0.jar to /tmp/spark-959db986-b7f1-4180-92e6-1460c680ffc5/userFiles-96591769-9aa5-4515-a0d8-6adbbcab2525/org.checkerframework_checker-qual-3.5.0.jar
[2025-05-21T13:30:47.563+0000] {subprocess.py:93} INFO - 25/05/21 13:30:47 INFO SparkContext: Added file file:///home/airflow/.ivy2/jars/org.wildfly.openssl_wildfly-openssl-1.0.7.Final.jar at spark://90f6607be6b0:34555/files/org.wildfly.openssl_wildfly-openssl-1.0.7.Final.jar with timestamp 1747834228486
[2025-05-21T13:30:47.564+0000] {subprocess.py:93} INFO - 25/05/21 13:30:47 INFO Utils: Copying /home/airflow/.ivy2/jars/org.wildfly.openssl_wildfly-openssl-1.0.7.Final.jar to /tmp/spark-959db986-b7f1-4180-92e6-1460c680ffc5/userFiles-96591769-9aa5-4515-a0d8-6adbbcab2525/org.wildfly.openssl_wildfly-openssl-1.0.7.Final.jar
[2025-05-21T13:30:48.156+0000] {subprocess.py:93} INFO - 25/05/21 13:30:48 INFO StandaloneAppClient$ClientEndpoint: Connecting to master spark://spark-master:7077...
[2025-05-21T13:30:48.569+0000] {subprocess.py:93} INFO - 25/05/21 13:30:48 INFO TransportClientFactory: Successfully created connection to spark-master/172.18.0.5:7077 after 286 ms (0 ms spent in bootstraps)
[2025-05-21T13:30:49.852+0000] {subprocess.py:93} INFO - 25/05/21 13:30:49 INFO StandaloneSchedulerBackend: Connected to Spark cluster with app ID app-20250521133049-0000
[2025-05-21T13:30:49.875+0000] {subprocess.py:93} INFO - 25/05/21 13:30:49 INFO Utils: Successfully started service 'org.apache.spark.network.netty.NettyBlockTransferService' on port 41353.
[2025-05-21T13:30:49.877+0000] {subprocess.py:93} INFO - 25/05/21 13:30:49 INFO NettyBlockTransferService: Server created on 90f6607be6b0:41353
[2025-05-21T13:30:49.882+0000] {subprocess.py:93} INFO - 25/05/21 13:30:49 INFO BlockManager: Using org.apache.spark.storage.RandomBlockReplicationPolicy for block replication policy
[2025-05-21T13:30:49.906+0000] {subprocess.py:93} INFO - 25/05/21 13:30:49 INFO BlockManagerMaster: Registering BlockManager BlockManagerId(driver, 90f6607be6b0, 41353, None)
[2025-05-21T13:30:49.917+0000] {subprocess.py:93} INFO - 25/05/21 13:30:49 INFO BlockManagerMasterEndpoint: Registering block manager 90f6607be6b0:41353 with 434.4 MiB RAM, BlockManagerId(driver, 90f6607be6b0, 41353, None)
[2025-05-21T13:30:49.926+0000] {subprocess.py:93} INFO - 25/05/21 13:30:49 INFO BlockManagerMaster: Registered BlockManager BlockManagerId(driver, 90f6607be6b0, 41353, None)
[2025-05-21T13:30:49.931+0000] {subprocess.py:93} INFO - 25/05/21 13:30:49 INFO BlockManager: Initialized BlockManager: BlockManagerId(driver, 90f6607be6b0, 41353, None)
[2025-05-21T13:30:49.959+0000] {subprocess.py:93} INFO - 25/05/21 13:30:49 INFO StandaloneAppClient$ClientEndpoint: Executor added: app-20250521133049-0000/0 on worker-20250521132748-172.18.0.4-42485 (172.18.0.4:42485) with 2 core(s)
[2025-05-21T13:30:49.963+0000] {subprocess.py:93} INFO - 25/05/21 13:30:49 INFO StandaloneSchedulerBackend: Granted executor ID app-20250521133049-0000/0 on hostPort 172.18.0.4:42485 with 2 core(s), 1024.0 MiB RAM
[2025-05-21T13:30:50.520+0000] {subprocess.py:93} INFO - 25/05/21 13:30:50 INFO StandaloneAppClient$ClientEndpoint: Executor updated: app-20250521133049-0000/0 is now RUNNING
[2025-05-21T13:30:51.457+0000] {subprocess.py:93} INFO - 25/05/21 13:30:51 INFO StandaloneSchedulerBackend: SchedulerBackend is ready for scheduling beginning after reached minRegisteredResourcesRatio: 0.0
[2025-05-21T13:30:52.509+0000] {subprocess.py:93} INFO - 2025-05-21 13:30:52,507 - INFO - Spark session created successfully.
[2025-05-21T13:30:52.510+0000] {subprocess.py:93} INFO - 2025-05-21 13:30:52,510 - INFO - Starting ETL process for weather data...
[2025-05-21T13:30:52.514+0000] {subprocess.py:93} INFO - 2025-05-21 13:30:52,513 - INFO - Creating Spark session...
[2025-05-21T13:30:52.547+0000] {subprocess.py:93} INFO - 25/05/21 13:30:52 INFO SharedState: Setting hive.metastore.warehouse.dir ('null') to the value of spark.sql.warehouse.dir.
[2025-05-21T13:30:52.552+0000] {subprocess.py:93} INFO - 25/05/21 13:30:52 INFO SharedState: Warehouse path is 'file:/tmp/airflowtmp6di2s9cl/spark-warehouse'.
[2025-05-21T13:30:56.440+0000] {subprocess.py:93} INFO - 2025-05-21 13:30:56,437 - INFO - Spark session created successfully.
[2025-05-21T13:30:56.445+0000] {subprocess.py:93} INFO - 2025-05-21 13:30:56,437 - INFO - Testing PostgreSQL connection...
[2025-05-21T13:30:56.447+0000] {subprocess.py:93} INFO - 2025-05-21 13:30:56,437 - INFO - Testing direct connection to PostgreSQL...
[2025-05-21T13:30:56.448+0000] {subprocess.py:93} INFO - 2025-05-21 13:30:56,437 - INFO - Creating JDBC connection...
[2025-05-21T13:30:56.533+0000] {subprocess.py:93} INFO - 2025-05-21 13:30:56,515 - ERROR - An error occurred while trying to connect to the Java server (127.0.0.1:25333)
[2025-05-21T13:30:56.534+0000] {subprocess.py:93} INFO - Traceback (most recent call last):
[2025-05-21T13:30:56.536+0000] {subprocess.py:93} INFO -   File "/opt/spark/python/lib/py4j-0.10.9.5-src.zip/py4j/java_gateway.py", line 982, in _get_connection
[2025-05-21T13:30:56.539+0000] {subprocess.py:93} INFO -     connection = self.deque.pop()
[2025-05-21T13:30:56.541+0000] {subprocess.py:93} INFO - IndexError: pop from an empty deque
[2025-05-21T13:30:56.542+0000] {subprocess.py:93} INFO - 
[2025-05-21T13:30:56.543+0000] {subprocess.py:93} INFO - During handling of the above exception, another exception occurred:
[2025-05-21T13:30:56.543+0000] {subprocess.py:93} INFO - 
[2025-05-21T13:30:56.545+0000] {subprocess.py:93} INFO - Traceback (most recent call last):
[2025-05-21T13:30:56.548+0000] {subprocess.py:93} INFO -   File "/opt/spark/python/lib/py4j-0.10.9.5-src.zip/py4j/java_gateway.py", line 1132, in start
[2025-05-21T13:30:56.552+0000] {subprocess.py:93} INFO -     self.socket.connect((self.address, self.port))
[2025-05-21T13:30:56.555+0000] {subprocess.py:93} INFO - ConnectionRefusedError: [Errno 111] Connection refused
[2025-05-21T13:30:56.556+0000] {subprocess.py:93} INFO - 2025-05-21 13:30:56,533 - ERROR - Failed to connect to PostgreSQL: An error occurred while trying to connect to the Java server (127.0.0.1:25333)
[2025-05-21T13:30:56.558+0000] {subprocess.py:93} INFO - 2025-05-21 13:30:56,535 - ERROR - Traceback (most recent call last):
[2025-05-21T13:30:56.559+0000] {subprocess.py:93} INFO -   File "/opt/spark/python/lib/py4j-0.10.9.5-src.zip/py4j/java_gateway.py", line 982, in _get_connection
[2025-05-21T13:30:56.560+0000] {subprocess.py:93} INFO -     connection = self.deque.pop()
[2025-05-21T13:30:56.561+0000] {subprocess.py:93} INFO - IndexError: pop from an empty deque
[2025-05-21T13:30:56.562+0000] {subprocess.py:93} INFO - 
[2025-05-21T13:30:56.562+0000] {subprocess.py:93} INFO - During handling of the above exception, another exception occurred:
[2025-05-21T13:30:56.563+0000] {subprocess.py:93} INFO - 
[2025-05-21T13:30:56.564+0000] {subprocess.py:93} INFO - Traceback (most recent call last):
[2025-05-21T13:30:56.564+0000] {subprocess.py:93} INFO -   File "/opt/spark/python/lib/py4j-0.10.9.5-src.zip/py4j/java_gateway.py", line 1132, in start
[2025-05-21T13:30:56.566+0000] {subprocess.py:93} INFO -     self.socket.connect((self.address, self.port))
[2025-05-21T13:30:56.567+0000] {subprocess.py:93} INFO - ConnectionRefusedError: [Errno 111] Connection refused
[2025-05-21T13:30:56.567+0000] {subprocess.py:93} INFO - 
[2025-05-21T13:30:56.568+0000] {subprocess.py:93} INFO - During handling of the above exception, another exception occurred:
[2025-05-21T13:30:56.571+0000] {subprocess.py:93} INFO - 
[2025-05-21T13:30:56.578+0000] {subprocess.py:93} INFO - Traceback (most recent call last):
[2025-05-21T13:30:56.580+0000] {subprocess.py:93} INFO -   File "/opt/airflow/dags/scripts/weather_transform.py", line 209, in test_***_connection
[2025-05-21T13:30:56.583+0000] {subprocess.py:93} INFO -     conn = gateway.jvm.java.sql.DriverManager.getConnection(
[2025-05-21T13:30:56.587+0000] {subprocess.py:93} INFO -   File "/opt/spark/python/lib/py4j-0.10.9.5-src.zip/py4j/java_gateway.py", line 1709, in __getattr__
[2025-05-21T13:30:56.590+0000] {subprocess.py:93} INFO -     answer = self._gateway_client.send_command(
[2025-05-21T13:30:56.593+0000] {subprocess.py:93} INFO -   File "/opt/spark/python/lib/py4j-0.10.9.5-src.zip/py4j/java_gateway.py", line 1036, in send_command
[2025-05-21T13:30:56.594+0000] {subprocess.py:93} INFO -     connection = self._get_connection()
[2025-05-21T13:30:56.594+0000] {subprocess.py:93} INFO -   File "/opt/spark/python/lib/py4j-0.10.9.5-src.zip/py4j/java_gateway.py", line 984, in _get_connection
[2025-05-21T13:30:56.596+0000] {subprocess.py:93} INFO -     connection = self._create_connection()
[2025-05-21T13:30:56.597+0000] {subprocess.py:93} INFO -   File "/opt/spark/python/lib/py4j-0.10.9.5-src.zip/py4j/java_gateway.py", line 990, in _create_connection
[2025-05-21T13:30:56.598+0000] {subprocess.py:93} INFO -     connection.start()
[2025-05-21T13:30:56.599+0000] {subprocess.py:93} INFO -   File "/opt/spark/python/lib/py4j-0.10.9.5-src.zip/py4j/java_gateway.py", line 1144, in start
[2025-05-21T13:30:56.600+0000] {subprocess.py:93} INFO -     raise Py4JNetworkError(msg, e)
[2025-05-21T13:30:56.602+0000] {subprocess.py:93} INFO - py4j.protocol.Py4JNetworkError: An error occurred while trying to connect to the Java server (127.0.0.1:25333)
[2025-05-21T13:30:56.603+0000] {subprocess.py:93} INFO - 
[2025-05-21T13:30:56.605+0000] {subprocess.py:93} INFO - 2025-05-21 13:30:56,536 - INFO - PostgreSQL connection test result: FAILED
[2025-05-21T13:30:56.614+0000] {subprocess.py:93} INFO - 2025-05-21 13:30:56,536 - INFO - Processing weather data from MinIO...
[2025-05-21T13:30:56.618+0000] {subprocess.py:93} INFO - 2025-05-21 13:30:56,536 - INFO - Processing weather data from MinIO...
[2025-05-21T13:30:56.619+0000] {subprocess.py:93} INFO - 2025-05-21 13:30:56,536 - INFO - Defining schema for weather JSON files...
[2025-05-21T13:30:56.621+0000] {subprocess.py:93} INFO - 2025-05-21 13:30:56,537 - INFO - Loading files matching pattern: s3a://nyc-taxi-data/weather/*.json
[2025-05-21T13:30:56.622+0000] {subprocess.py:93} INFO - 2025-05-21 13:30:56,537 - INFO - Reading JSON files...
[2025-05-21T13:30:57.743+0000] {subprocess.py:93} INFO - 25/05/21 13:30:57 WARN MetricsConfig: Cannot locate configuration: tried hadoop-metrics2-s3a-file-system.properties,hadoop-metrics2.properties
[2025-05-21T13:30:57.804+0000] {subprocess.py:93} INFO - 25/05/21 13:30:57 INFO MetricsSystemImpl: Scheduled Metric snapshot period at 10 second(s).
[2025-05-21T13:30:57.805+0000] {subprocess.py:93} INFO - 25/05/21 13:30:57 INFO MetricsSystemImpl: s3a-file-system metrics system started
[2025-05-21T13:31:03.762+0000] {subprocess.py:93} INFO - 25/05/21 13:31:03 INFO InMemoryFileIndex: It took 798 ms to list leaf files for 16 paths.
[2025-05-21T13:31:13.553+0000] {subprocess.py:93} INFO - 25/05/21 13:31:13 INFO CoarseGrainedSchedulerBackend$DriverEndpoint: Registered executor NettyRpcEndpointRef(spark-client://Executor) (172.18.0.4:36360) with ID 0,  ResourceProfileId 0
[2025-05-21T13:31:14.746+0000] {subprocess.py:93} INFO - 25/05/21 13:31:14 INFO BlockManagerMasterEndpoint: Registering block manager 172.18.0.4:37831 with 366.3 MiB RAM, BlockManagerId(0, 172.18.0.4, 37831, None)
[2025-05-21T13:31:17.584+0000] {subprocess.py:93} INFO - 25/05/21 13:31:17 INFO FileSourceStrategy: Pushed Filters:
[2025-05-21T13:31:17.590+0000] {subprocess.py:93} INFO - 25/05/21 13:31:17 INFO FileSourceStrategy: Post-Scan Filters:
[2025-05-21T13:31:17.597+0000] {subprocess.py:93} INFO - 25/05/21 13:31:17 INFO FileSourceStrategy: Output Data Schema: struct<>
[2025-05-21T13:31:20.362+0000] {subprocess.py:93} INFO - 25/05/21 13:31:20 INFO CodeGenerator: Code generated in 545.363667 ms
[2025-05-21T13:31:20.520+0000] {subprocess.py:93} INFO - 25/05/21 13:31:20 INFO MemoryStore: Block broadcast_0 stored as values in memory (estimated size 203.8 KiB, free 434.2 MiB)
[2025-05-21T13:31:20.652+0000] {subprocess.py:93} INFO - 25/05/21 13:31:20 INFO MemoryStore: Block broadcast_0_piece0 stored as bytes in memory (estimated size 35.0 KiB, free 434.2 MiB)
[2025-05-21T13:31:20.658+0000] {subprocess.py:93} INFO - 25/05/21 13:31:20 INFO BlockManagerInfo: Added broadcast_0_piece0 in memory on 90f6607be6b0:41353 (size: 35.0 KiB, free: 434.4 MiB)
[2025-05-21T13:31:20.666+0000] {subprocess.py:93} INFO - 25/05/21 13:31:20 INFO SparkContext: Created broadcast 0 from count at NativeMethodAccessorImpl.java:0
[2025-05-21T13:31:20.742+0000] {subprocess.py:93} INFO - 25/05/21 13:31:20 INFO FileSourceScanExec: Planning scan with bin packing, max size: 33559060 bytes, open cost is considered as scanning 4194304 bytes.
[2025-05-21T13:31:21.169+0000] {subprocess.py:93} INFO - 25/05/21 13:31:21 INFO DAGScheduler: Registering RDD 3 (count at NativeMethodAccessorImpl.java:0) as input to shuffle 0
[2025-05-21T13:31:21.200+0000] {subprocess.py:93} INFO - 25/05/21 13:31:21 INFO DAGScheduler: Got map stage job 0 (count at NativeMethodAccessorImpl.java:0) with 2 output partitions
[2025-05-21T13:31:21.201+0000] {subprocess.py:93} INFO - 25/05/21 13:31:21 INFO DAGScheduler: Final stage: ShuffleMapStage 0 (count at NativeMethodAccessorImpl.java:0)
[2025-05-21T13:31:21.202+0000] {subprocess.py:93} INFO - 25/05/21 13:31:21 INFO DAGScheduler: Parents of final stage: List()
[2025-05-21T13:31:21.205+0000] {subprocess.py:93} INFO - 25/05/21 13:31:21 INFO DAGScheduler: Missing parents: List()
[2025-05-21T13:31:21.220+0000] {subprocess.py:93} INFO - 25/05/21 13:31:21 INFO DAGScheduler: Submitting ShuffleMapStage 0 (MapPartitionsRDD[3] at count at NativeMethodAccessorImpl.java:0), which has no missing parents
[2025-05-21T13:31:21.472+0000] {subprocess.py:93} INFO - 25/05/21 13:31:21 INFO MemoryStore: Block broadcast_1 stored as values in memory (estimated size 15.2 KiB, free 434.2 MiB)
[2025-05-21T13:31:21.477+0000] {subprocess.py:93} INFO - 25/05/21 13:31:21 INFO MemoryStore: Block broadcast_1_piece0 stored as bytes in memory (estimated size 7.7 KiB, free 434.1 MiB)
[2025-05-21T13:31:21.478+0000] {subprocess.py:93} INFO - 25/05/21 13:31:21 INFO BlockManagerInfo: Added broadcast_1_piece0 in memory on 90f6607be6b0:41353 (size: 7.7 KiB, free: 434.4 MiB)
[2025-05-21T13:31:21.480+0000] {subprocess.py:93} INFO - 25/05/21 13:31:21 INFO SparkContext: Created broadcast 1 from broadcast at DAGScheduler.scala:1513
[2025-05-21T13:31:21.540+0000] {subprocess.py:93} INFO - 25/05/21 13:31:21 INFO DAGScheduler: Submitting 2 missing tasks from ShuffleMapStage 0 (MapPartitionsRDD[3] at count at NativeMethodAccessorImpl.java:0) (first 15 tasks are for partitions Vector(0, 1))
[2025-05-21T13:31:21.543+0000] {subprocess.py:93} INFO - 25/05/21 13:31:21 INFO TaskSchedulerImpl: Adding task set 0.0 with 2 tasks resource profile 0
[2025-05-21T13:31:36.613+0000] {subprocess.py:93} INFO - 25/05/21 13:31:36 INFO TaskSetManager: Starting task 0.0 in stage 0.0 (TID 0) (172.18.0.4, executor 0, partition 0, PROCESS_LOCAL, 5666 bytes) taskResourceAssignments Map()
[2025-05-21T13:31:36.642+0000] {subprocess.py:93} INFO - 25/05/21 13:31:36 INFO TaskSetManager: Starting task 1.0 in stage 0.0 (TID 1) (172.18.0.4, executor 0, partition 1, PROCESS_LOCAL, 5666 bytes) taskResourceAssignments Map()
[2025-05-21T13:31:38.786+0000] {subprocess.py:93} INFO - 25/05/21 13:31:38 INFO BlockManagerInfo: Added broadcast_1_piece0 in memory on 172.18.0.4:37831 (size: 7.7 KiB, free: 366.3 MiB)
[2025-05-21T13:31:43.498+0000] {subprocess.py:93} INFO - 25/05/21 13:31:43 INFO BlockManagerInfo: Added broadcast_0_piece0 in memory on 172.18.0.4:37831 (size: 35.0 KiB, free: 366.3 MiB)
[2025-05-21T13:31:47.838+0000] {subprocess.py:93} INFO - 25/05/21 13:31:47 INFO TaskSetManager: Finished task 1.0 in stage 0.0 (TID 1) in 11194 ms on 172.18.0.4 (executor 0) (1/2)
[2025-05-21T13:31:47.841+0000] {subprocess.py:93} INFO - 25/05/21 13:31:47 INFO TaskSetManager: Finished task 0.0 in stage 0.0 (TID 0) in 11280 ms on 172.18.0.4 (executor 0) (2/2)
[2025-05-21T13:31:47.842+0000] {subprocess.py:93} INFO - 25/05/21 13:31:47 INFO TaskSchedulerImpl: Removed TaskSet 0.0, whose tasks have all completed, from pool
[2025-05-21T13:31:47.857+0000] {subprocess.py:93} INFO - 25/05/21 13:31:47 INFO DAGScheduler: ShuffleMapStage 0 (count at NativeMethodAccessorImpl.java:0) finished in 26.582 s
[2025-05-21T13:31:47.858+0000] {subprocess.py:93} INFO - 25/05/21 13:31:47 INFO DAGScheduler: looking for newly runnable stages
[2025-05-21T13:31:47.859+0000] {subprocess.py:93} INFO - 25/05/21 13:31:47 INFO DAGScheduler: running: Set()
[2025-05-21T13:31:47.859+0000] {subprocess.py:93} INFO - 25/05/21 13:31:47 INFO DAGScheduler: waiting: Set()
[2025-05-21T13:31:47.860+0000] {subprocess.py:93} INFO - 25/05/21 13:31:47 INFO DAGScheduler: failed: Set()
[2025-05-21T13:31:47.952+0000] {subprocess.py:93} INFO - 25/05/21 13:31:47 INFO CodeGenerator: Code generated in 27.542023 ms
[2025-05-21T13:31:48.078+0000] {subprocess.py:93} INFO - 25/05/21 13:31:48 INFO SparkContext: Starting job: count at NativeMethodAccessorImpl.java:0
[2025-05-21T13:31:48.094+0000] {subprocess.py:93} INFO - 25/05/21 13:31:48 INFO DAGScheduler: Got job 1 (count at NativeMethodAccessorImpl.java:0) with 1 output partitions
[2025-05-21T13:31:48.097+0000] {subprocess.py:93} INFO - 25/05/21 13:31:48 INFO DAGScheduler: Final stage: ResultStage 2 (count at NativeMethodAccessorImpl.java:0)
[2025-05-21T13:31:48.100+0000] {subprocess.py:93} INFO - 25/05/21 13:31:48 INFO DAGScheduler: Parents of final stage: List(ShuffleMapStage 1)
[2025-05-21T13:31:48.103+0000] {subprocess.py:93} INFO - 25/05/21 13:31:48 INFO DAGScheduler: Missing parents: List()
[2025-05-21T13:31:48.108+0000] {subprocess.py:93} INFO - 25/05/21 13:31:48 INFO DAGScheduler: Submitting ResultStage 2 (MapPartitionsRDD[6] at count at NativeMethodAccessorImpl.java:0), which has no missing parents
[2025-05-21T13:31:48.169+0000] {subprocess.py:93} INFO - 25/05/21 13:31:48 INFO MemoryStore: Block broadcast_2 stored as values in memory (estimated size 11.1 KiB, free 434.1 MiB)
[2025-05-21T13:31:48.185+0000] {subprocess.py:93} INFO - 25/05/21 13:31:48 INFO MemoryStore: Block broadcast_2_piece0 stored as bytes in memory (estimated size 5.5 KiB, free 434.1 MiB)
[2025-05-21T13:31:48.188+0000] {subprocess.py:93} INFO - 25/05/21 13:31:48 INFO BlockManagerInfo: Added broadcast_2_piece0 in memory on 90f6607be6b0:41353 (size: 5.5 KiB, free: 434.4 MiB)
[2025-05-21T13:31:48.189+0000] {subprocess.py:93} INFO - 25/05/21 13:31:48 INFO SparkContext: Created broadcast 2 from broadcast at DAGScheduler.scala:1513
[2025-05-21T13:31:48.194+0000] {subprocess.py:93} INFO - 25/05/21 13:31:48 INFO DAGScheduler: Submitting 1 missing tasks from ResultStage 2 (MapPartitionsRDD[6] at count at NativeMethodAccessorImpl.java:0) (first 15 tasks are for partitions Vector(0))
[2025-05-21T13:31:48.196+0000] {subprocess.py:93} INFO - 25/05/21 13:31:48 INFO TaskSchedulerImpl: Adding task set 2.0 with 1 tasks resource profile 0
[2025-05-21T13:31:48.216+0000] {subprocess.py:93} INFO - 25/05/21 13:31:48 INFO TaskSetManager: Starting task 0.0 in stage 2.0 (TID 2) (172.18.0.4, executor 0, partition 0, NODE_LOCAL, 4457 bytes) taskResourceAssignments Map()
[2025-05-21T13:31:48.295+0000] {subprocess.py:93} INFO - 25/05/21 13:31:48 INFO BlockManagerInfo: Added broadcast_2_piece0 in memory on 172.18.0.4:37831 (size: 5.5 KiB, free: 366.3 MiB)
[2025-05-21T13:31:48.634+0000] {subprocess.py:93} INFO - 25/05/21 13:31:48 INFO MapOutputTrackerMasterEndpoint: Asked to send map output locations for shuffle 0 to 172.18.0.4:36360
[2025-05-21T13:31:48.873+0000] {subprocess.py:93} INFO - 25/05/21 13:31:48 INFO TaskSetManager: Finished task 0.0 in stage 2.0 (TID 2) in 661 ms on 172.18.0.4 (executor 0) (1/1)
[2025-05-21T13:31:48.874+0000] {subprocess.py:93} INFO - 25/05/21 13:31:48 INFO TaskSchedulerImpl: Removed TaskSet 2.0, whose tasks have all completed, from pool
[2025-05-21T13:31:48.875+0000] {subprocess.py:93} INFO - 25/05/21 13:31:48 INFO DAGScheduler: ResultStage 2 (count at NativeMethodAccessorImpl.java:0) finished in 0.717 s
[2025-05-21T13:31:48.877+0000] {subprocess.py:93} INFO - 25/05/21 13:31:48 INFO DAGScheduler: Job 1 is finished. Cancelling potential speculative or zombie tasks for this job
[2025-05-21T13:31:48.878+0000] {subprocess.py:93} INFO - 25/05/21 13:31:48 INFO TaskSchedulerImpl: Killing all running tasks in stage 2: Stage finished
[2025-05-21T13:31:48.880+0000] {subprocess.py:93} INFO - 25/05/21 13:31:48 INFO DAGScheduler: Job 1 finished: count at NativeMethodAccessorImpl.java:0, took 0.801239 s
[2025-05-21T13:31:48.901+0000] {subprocess.py:93} INFO - 2025-05-21 13:31:48,900 - INFO - Loaded 16 weather records.
[2025-05-21T13:31:48.902+0000] {subprocess.py:93} INFO - 2025-05-21 13:31:48,900 - INFO - Sample of raw weather data:
[2025-05-21T13:31:49.144+0000] {subprocess.py:93} INFO - 25/05/21 13:31:49 INFO FileSourceStrategy: Pushed Filters:
[2025-05-21T13:31:49.145+0000] {subprocess.py:93} INFO - 25/05/21 13:31:49 INFO FileSourceStrategy: Post-Scan Filters:
[2025-05-21T13:31:49.146+0000] {subprocess.py:93} INFO - 25/05/21 13:31:49 INFO FileSourceStrategy: Output Data Schema: struct<coord: struct<lon: double, lat: double>, weather: struct<id: int, main: string, description: string, icon: string ... 2 more fields>, base: string, main: struct<temp: double, feels_like: double, temp_min: double, temp_max: double, pressure: int ... 1 more field>, visibility: int ... 11 more fields>
[2025-05-21T13:31:49.443+0000] {subprocess.py:93} INFO - 25/05/21 13:31:49 INFO CodeGenerator: Code generated in 158.365782 ms
[2025-05-21T13:31:49.460+0000] {subprocess.py:93} INFO - 25/05/21 13:31:49 INFO MemoryStore: Block broadcast_3 stored as values in memory (estimated size 203.8 KiB, free 433.9 MiB)
[2025-05-21T13:31:49.482+0000] {subprocess.py:93} INFO - 25/05/21 13:31:49 INFO MemoryStore: Block broadcast_3_piece0 stored as bytes in memory (estimated size 35.0 KiB, free 433.9 MiB)
[2025-05-21T13:31:49.483+0000] {subprocess.py:93} INFO - 25/05/21 13:31:49 INFO BlockManagerInfo: Added broadcast_3_piece0 in memory on 90f6607be6b0:41353 (size: 35.0 KiB, free: 434.3 MiB)
[2025-05-21T13:31:49.485+0000] {subprocess.py:93} INFO - 25/05/21 13:31:49 INFO SparkContext: Created broadcast 3 from showString at NativeMethodAccessorImpl.java:0
[2025-05-21T13:31:49.489+0000] {subprocess.py:93} INFO - 25/05/21 13:31:49 INFO FileSourceScanExec: Planning scan with bin packing, max size: 33559060 bytes, open cost is considered as scanning 4194304 bytes.
[2025-05-21T13:31:49.526+0000] {subprocess.py:93} INFO - 25/05/21 13:31:49 INFO SparkContext: Starting job: showString at NativeMethodAccessorImpl.java:0
[2025-05-21T13:31:49.528+0000] {subprocess.py:93} INFO - 25/05/21 13:31:49 INFO DAGScheduler: Got job 2 (showString at NativeMethodAccessorImpl.java:0) with 1 output partitions
[2025-05-21T13:31:49.529+0000] {subprocess.py:93} INFO - 25/05/21 13:31:49 INFO DAGScheduler: Final stage: ResultStage 3 (showString at NativeMethodAccessorImpl.java:0)
[2025-05-21T13:31:49.531+0000] {subprocess.py:93} INFO - 25/05/21 13:31:49 INFO DAGScheduler: Parents of final stage: List()
[2025-05-21T13:31:49.531+0000] {subprocess.py:93} INFO - 25/05/21 13:31:49 INFO DAGScheduler: Missing parents: List()
[2025-05-21T13:31:49.532+0000] {subprocess.py:93} INFO - 25/05/21 13:31:49 INFO DAGScheduler: Submitting ResultStage 3 (MapPartitionsRDD[10] at showString at NativeMethodAccessorImpl.java:0), which has no missing parents
[2025-05-21T13:31:49.557+0000] {subprocess.py:93} INFO - 25/05/21 13:31:49 INFO MemoryStore: Block broadcast_4 stored as values in memory (estimated size 30.1 KiB, free 433.9 MiB)
[2025-05-21T13:31:49.602+0000] {subprocess.py:93} INFO - 25/05/21 13:31:49 INFO MemoryStore: Block broadcast_4_piece0 stored as bytes in memory (estimated size 10.7 KiB, free 433.9 MiB)
[2025-05-21T13:31:49.605+0000] {subprocess.py:93} INFO - 25/05/21 13:31:49 INFO BlockManagerInfo: Added broadcast_4_piece0 in memory on 90f6607be6b0:41353 (size: 10.7 KiB, free: 434.3 MiB)
[2025-05-21T13:31:49.606+0000] {subprocess.py:93} INFO - 25/05/21 13:31:49 INFO SparkContext: Created broadcast 4 from broadcast at DAGScheduler.scala:1513
[2025-05-21T13:31:49.607+0000] {subprocess.py:93} INFO - 25/05/21 13:31:49 INFO DAGScheduler: Submitting 1 missing tasks from ResultStage 3 (MapPartitionsRDD[10] at showString at NativeMethodAccessorImpl.java:0) (first 15 tasks are for partitions Vector(0))
[2025-05-21T13:31:49.608+0000] {subprocess.py:93} INFO - 25/05/21 13:31:49 INFO TaskSchedulerImpl: Adding task set 3.0 with 1 tasks resource profile 0
[2025-05-21T13:31:49.610+0000] {subprocess.py:93} INFO - 25/05/21 13:31:49 INFO TaskSetManager: Starting task 0.0 in stage 3.0 (TID 3) (172.18.0.4, executor 0, partition 0, PROCESS_LOCAL, 5677 bytes) taskResourceAssignments Map()
[2025-05-21T13:31:49.643+0000] {subprocess.py:93} INFO - 25/05/21 13:31:49 INFO BlockManagerInfo: Added broadcast_4_piece0 in memory on 172.18.0.4:37831 (size: 10.7 KiB, free: 366.2 MiB)
[2025-05-21T13:31:50.273+0000] {subprocess.py:93} INFO - 25/05/21 13:31:50 INFO BlockManagerInfo: Added broadcast_3_piece0 in memory on 172.18.0.4:37831 (size: 35.0 KiB, free: 366.2 MiB)
[2025-05-21T13:31:50.692+0000] {subprocess.py:93} INFO - 25/05/21 13:31:50 INFO TaskSetManager: Finished task 0.0 in stage 3.0 (TID 3) in 1082 ms on 172.18.0.4 (executor 0) (1/1)
[2025-05-21T13:31:50.693+0000] {subprocess.py:93} INFO - 25/05/21 13:31:50 INFO TaskSchedulerImpl: Removed TaskSet 3.0, whose tasks have all completed, from pool
[2025-05-21T13:31:50.695+0000] {subprocess.py:93} INFO - 25/05/21 13:31:50 INFO DAGScheduler: ResultStage 3 (showString at NativeMethodAccessorImpl.java:0) finished in 1.160 s
[2025-05-21T13:31:50.697+0000] {subprocess.py:93} INFO - 25/05/21 13:31:50 INFO DAGScheduler: Job 2 is finished. Cancelling potential speculative or zombie tasks for this job
[2025-05-21T13:31:50.698+0000] {subprocess.py:93} INFO - 25/05/21 13:31:50 INFO TaskSchedulerImpl: Killing all running tasks in stage 3: Stage finished
[2025-05-21T13:31:50.700+0000] {subprocess.py:93} INFO - 25/05/21 13:31:50 INFO DAGScheduler: Job 2 finished: showString at NativeMethodAccessorImpl.java:0, took 1.169698 s
[2025-05-21T13:31:50.909+0000] {subprocess.py:93} INFO - 25/05/21 13:31:50 INFO CodeGenerator: Code generated in 109.773381 ms
[2025-05-21T13:31:50.947+0000] {subprocess.py:93} INFO - +-------------------+-------+--------+------------------------------------+----------+-----------------+------+----------+-------------------------------------+--------+-------+--------+---+
[2025-05-21T13:31:50.948+0000] {subprocess.py:93} INFO - |coord              |weather|base    |main                                |visibility|wind             |clouds|dt        |sys                                  |timezone|id     |name    |cod|
[2025-05-21T13:31:50.949+0000] {subprocess.py:93} INFO - +-------------------+-------+--------+------------------------------------+----------+-----------------+------+----------+-------------------------------------+--------+-------+--------+---+
[2025-05-21T13:31:50.950+0000] {subprocess.py:93} INFO - |{-74.0059, 40.7128}|null   |stations|{12.34, 11.67, 11.2, 13.0, 1016, 78}|10000     |{7.6, 114, 10.73}|{100} |1747832702|{1, 4610, US, 1747820025, 1747872709}|-14400  |5128581|New York|200|
[2025-05-21T13:31:50.951+0000] {subprocess.py:93} INFO - |{-74.0059, 40.7128}|null   |stations|{12.34, 11.67, 11.2, 13.0, 1016, 78}|10000     |{7.6, 114, 10.73}|{100} |1747832702|{1, 4610, US, 1747820025, 1747872709}|-14400  |5128581|New York|200|
[2025-05-21T13:31:50.952+0000] {subprocess.py:93} INFO - +-------------------+-------+--------+------------------------------------+----------+-----------------+------+----------+-------------------------------------+--------+-------+--------+---+
[2025-05-21T13:31:50.952+0000] {subprocess.py:93} INFO - only showing top 2 rows
[2025-05-21T13:31:50.953+0000] {subprocess.py:93} INFO - 
[2025-05-21T13:31:50.953+0000] {subprocess.py:93} INFO - 2025-05-21 13:31:50,948 - INFO - Extracting and transforming relevant fields...
[2025-05-21T13:31:51.170+0000] {subprocess.py:93} INFO - 2025-05-21 13:31:51,170 - INFO - Adding weather category and temporal fields...
[2025-05-21T13:31:51.348+0000] {subprocess.py:93} INFO - 2025-05-21 13:31:51,348 - INFO - Sample of transformed weather data:
[2025-05-21T13:31:51.570+0000] {subprocess.py:93} INFO - 25/05/21 13:31:51 INFO FileSourceStrategy: Pushed Filters:
[2025-05-21T13:31:51.571+0000] {subprocess.py:93} INFO - 25/05/21 13:31:51 INFO FileSourceStrategy: Post-Scan Filters:
[2025-05-21T13:31:51.572+0000] {subprocess.py:93} INFO - 25/05/21 13:31:51 INFO FileSourceStrategy: Output Data Schema: struct<weather: struct<id: int, main: string, description: string, icon: string ... 2 more fields>, main: struct<temp: double, feels_like: double, temp_min: double, temp_max: double, pressure: int ... 1 more field>, wind: struct<speed: double, deg: int, gust: double ... 1 more fields>, dt: int ... 2 more fields>
[2025-05-21T13:31:51.879+0000] {subprocess.py:93} INFO - 25/05/21 13:31:51 INFO CodeGenerator: Code generated in 142.741266 ms
[2025-05-21T13:31:51.910+0000] {subprocess.py:93} INFO - 25/05/21 13:31:51 INFO MemoryStore: Block broadcast_5 stored as values in memory (estimated size 203.8 KiB, free 433.7 MiB)
[2025-05-21T13:31:51.959+0000] {subprocess.py:93} INFO - 25/05/21 13:31:51 INFO MemoryStore: Block broadcast_5_piece0 stored as bytes in memory (estimated size 35.0 KiB, free 433.6 MiB)
[2025-05-21T13:31:52.001+0000] {subprocess.py:93} INFO - 25/05/21 13:31:51 INFO BlockManagerInfo: Added broadcast_5_piece0 in memory on 90f6607be6b0:41353 (size: 35.0 KiB, free: 434.3 MiB)
[2025-05-21T13:31:52.005+0000] {subprocess.py:93} INFO - 25/05/21 13:31:51 INFO SparkContext: Created broadcast 5 from showString at NativeMethodAccessorImpl.java:0
[2025-05-21T13:31:52.011+0000] {subprocess.py:93} INFO - 25/05/21 13:31:51 INFO FileSourceScanExec: Planning scan with bin packing, max size: 33559060 bytes, open cost is considered as scanning 4194304 bytes.
[2025-05-21T13:31:52.024+0000] {subprocess.py:93} INFO - 25/05/21 13:31:52 INFO SparkContext: Starting job: showString at NativeMethodAccessorImpl.java:0
[2025-05-21T13:31:52.027+0000] {subprocess.py:93} INFO - 25/05/21 13:31:52 INFO DAGScheduler: Got job 3 (showString at NativeMethodAccessorImpl.java:0) with 1 output partitions
[2025-05-21T13:31:52.031+0000] {subprocess.py:93} INFO - 25/05/21 13:31:52 INFO DAGScheduler: Final stage: ResultStage 4 (showString at NativeMethodAccessorImpl.java:0)
[2025-05-21T13:31:52.032+0000] {subprocess.py:93} INFO - 25/05/21 13:31:52 INFO DAGScheduler: Parents of final stage: List()
[2025-05-21T13:31:52.033+0000] {subprocess.py:93} INFO - 25/05/21 13:31:52 INFO DAGScheduler: Missing parents: List()
[2025-05-21T13:31:52.039+0000] {subprocess.py:93} INFO - 25/05/21 13:31:52 INFO DAGScheduler: Submitting ResultStage 4 (MapPartitionsRDD[14] at showString at NativeMethodAccessorImpl.java:0), which has no missing parents
[2025-05-21T13:31:52.046+0000] {subprocess.py:93} INFO - 25/05/21 13:31:52 INFO MemoryStore: Block broadcast_6 stored as values in memory (estimated size 21.1 KiB, free 433.6 MiB)
[2025-05-21T13:31:52.099+0000] {subprocess.py:93} INFO - 25/05/21 13:31:52 INFO MemoryStore: Block broadcast_6_piece0 stored as bytes in memory (estimated size 9.2 KiB, free 433.6 MiB)
[2025-05-21T13:31:52.280+0000] {subprocess.py:93} INFO - 25/05/21 13:31:52 INFO BlockManagerInfo: Added broadcast_6_piece0 in memory on 90f6607be6b0:41353 (size: 9.2 KiB, free: 434.3 MiB)
[2025-05-21T13:31:52.282+0000] {subprocess.py:93} INFO - 25/05/21 13:31:52 INFO SparkContext: Created broadcast 6 from broadcast at DAGScheduler.scala:1513
[2025-05-21T13:31:52.290+0000] {subprocess.py:93} INFO - 25/05/21 13:31:52 INFO DAGScheduler: Submitting 1 missing tasks from ResultStage 4 (MapPartitionsRDD[14] at showString at NativeMethodAccessorImpl.java:0) (first 15 tasks are for partitions Vector(0))
[2025-05-21T13:31:52.304+0000] {subprocess.py:93} INFO - 25/05/21 13:31:52 INFO TaskSchedulerImpl: Adding task set 4.0 with 1 tasks resource profile 0
[2025-05-21T13:31:52.313+0000] {subprocess.py:93} INFO - 25/05/21 13:31:52 INFO TaskSetManager: Starting task 0.0 in stage 4.0 (TID 4) (172.18.0.4, executor 0, partition 0, PROCESS_LOCAL, 5677 bytes) taskResourceAssignments Map()
[2025-05-21T13:31:52.374+0000] {subprocess.py:93} INFO - 25/05/21 13:31:52 INFO BlockManagerInfo: Added broadcast_6_piece0 in memory on 172.18.0.4:37831 (size: 9.2 KiB, free: 366.2 MiB)
[2025-05-21T13:31:52.435+0000] {subprocess.py:93} INFO - 25/05/21 13:31:52 INFO BlockManagerInfo: Removed broadcast_2_piece0 on 90f6607be6b0:41353 in memory (size: 5.5 KiB, free: 434.3 MiB)
[2025-05-21T13:31:52.437+0000] {subprocess.py:93} INFO - 25/05/21 13:31:52 INFO BlockManagerInfo: Removed broadcast_2_piece0 on 172.18.0.4:37831 in memory (size: 5.5 KiB, free: 366.2 MiB)
[2025-05-21T13:31:52.551+0000] {subprocess.py:93} INFO - 25/05/21 13:31:52 INFO BlockManagerInfo: Removed broadcast_1_piece0 on 90f6607be6b0:41353 in memory (size: 7.7 KiB, free: 434.3 MiB)
[2025-05-21T13:31:52.570+0000] {subprocess.py:93} INFO - 25/05/21 13:31:52 INFO BlockManagerInfo: Removed broadcast_1_piece0 on 172.18.0.4:37831 in memory (size: 7.7 KiB, free: 366.2 MiB)
[2025-05-21T13:31:52.626+0000] {subprocess.py:93} INFO - 25/05/21 13:31:52 INFO BlockManagerInfo: Removed broadcast_3_piece0 on 90f6607be6b0:41353 in memory (size: 35.0 KiB, free: 434.3 MiB)
[2025-05-21T13:31:52.649+0000] {subprocess.py:93} INFO - 25/05/21 13:31:52 INFO BlockManagerInfo: Removed broadcast_3_piece0 on 172.18.0.4:37831 in memory (size: 35.0 KiB, free: 366.2 MiB)
[2025-05-21T13:31:52.690+0000] {subprocess.py:93} INFO - 25/05/21 13:31:52 INFO BlockManagerInfo: Removed broadcast_4_piece0 on 90f6607be6b0:41353 in memory (size: 10.7 KiB, free: 434.3 MiB)
[2025-05-21T13:31:52.712+0000] {subprocess.py:93} INFO - 25/05/21 13:31:52 INFO BlockManagerInfo: Removed broadcast_4_piece0 on 172.18.0.4:37831 in memory (size: 10.7 KiB, free: 366.3 MiB)
[2025-05-21T13:31:52.743+0000] {subprocess.py:93} INFO - 25/05/21 13:31:52 INFO BlockManagerInfo: Removed broadcast_0_piece0 on 90f6607be6b0:41353 in memory (size: 35.0 KiB, free: 434.4 MiB)
[2025-05-21T13:31:52.750+0000] {subprocess.py:93} INFO - 25/05/21 13:31:52 INFO BlockManagerInfo: Removed broadcast_0_piece0 on 172.18.0.4:37831 in memory (size: 35.0 KiB, free: 366.3 MiB)
[2025-05-21T13:31:53.900+0000] {subprocess.py:93} INFO - 25/05/21 13:31:53 INFO BlockManagerInfo: Added broadcast_5_piece0 in memory on 172.18.0.4:37831 (size: 35.0 KiB, free: 366.3 MiB)
[2025-05-21T13:31:54.871+0000] {subprocess.py:93} INFO - 25/05/21 13:31:54 INFO TaskSetManager: Finished task 0.0 in stage 4.0 (TID 4) in 2754 ms on 172.18.0.4 (executor 0) (1/1)
[2025-05-21T13:31:54.885+0000] {subprocess.py:93} INFO - 25/05/21 13:31:54 INFO TaskSchedulerImpl: Removed TaskSet 4.0, whose tasks have all completed, from pool
[2025-05-21T13:31:54.887+0000] {subprocess.py:93} INFO - 25/05/21 13:31:54 INFO DAGScheduler: ResultStage 4 (showString at NativeMethodAccessorImpl.java:0) finished in 2.842 s
[2025-05-21T13:31:54.888+0000] {subprocess.py:93} INFO - 25/05/21 13:31:54 INFO DAGScheduler: Job 3 is finished. Cancelling potential speculative or zombie tasks for this job
[2025-05-21T13:31:54.889+0000] {subprocess.py:93} INFO - 25/05/21 13:31:54 INFO TaskSchedulerImpl: Killing all running tasks in stage 4: Stage finished
[2025-05-21T13:31:54.890+0000] {subprocess.py:93} INFO - 25/05/21 13:31:54 INFO DAGScheduler: Job 3 finished: showString at NativeMethodAccessorImpl.java:0, took 2.849962 s
[2025-05-21T13:31:54.941+0000] {subprocess.py:93} INFO - 25/05/21 13:31:54 INFO CodeGenerator: Code generated in 47.035648 ms
[2025-05-21T13:31:54.958+0000] {subprocess.py:93} INFO - +-------------------+-----------+--------+----------+-----------------+-------------------+----------------+-----------+-----------+
[2025-05-21T13:31:54.965+0000] {subprocess.py:93} INFO - |timestamp          |temperature|humidity|wind_speed|weather_condition|weather_description|weather_category|hour_of_day|day_of_week|
[2025-05-21T13:31:54.974+0000] {subprocess.py:93} INFO - +-------------------+-----------+--------+----------+-----------------+-------------------+----------------+-----------+-----------+
[2025-05-21T13:31:54.979+0000] {subprocess.py:93} INFO - |2025-05-21 13:05:02|12.34      |78      |7.6       |null             |null               |Other           |13         |4          |
[2025-05-21T13:31:54.985+0000] {subprocess.py:93} INFO - |2025-05-21 13:05:02|12.34      |78      |7.6       |null             |null               |Other           |13         |4          |
[2025-05-21T13:31:54.992+0000] {subprocess.py:93} INFO - |2025-05-20 16:32:58|16.86      |48      |6.26      |null             |null               |Other           |16         |3          |
[2025-05-21T13:31:54.993+0000] {subprocess.py:93} INFO - |2025-05-20 16:32:58|16.86      |48      |6.26      |null             |null               |Other           |16         |3          |
[2025-05-21T13:31:54.994+0000] {subprocess.py:93} INFO - |2025-05-21 12:44:18|12.3       |77      |8.49      |null             |null               |Other           |12         |4          |
[2025-05-21T13:31:54.997+0000] {subprocess.py:93} INFO - +-------------------+-----------+--------+----------+-----------------+-------------------+----------------+-----------+-----------+
[2025-05-21T13:31:55.006+0000] {subprocess.py:93} INFO - only showing top 5 rows
[2025-05-21T13:31:55.017+0000] {subprocess.py:93} INFO - 
[2025-05-21T13:31:55.049+0000] {subprocess.py:93} INFO - 25/05/21 13:31:55 INFO FileSourceStrategy: Pushed Filters:
[2025-05-21T13:31:55.053+0000] {subprocess.py:93} INFO - 25/05/21 13:31:55 INFO FileSourceStrategy: Post-Scan Filters:
[2025-05-21T13:31:55.058+0000] {subprocess.py:93} INFO - 25/05/21 13:31:55 INFO FileSourceStrategy: Output Data Schema: struct<>
[2025-05-21T13:31:55.090+0000] {subprocess.py:93} INFO - 25/05/21 13:31:55 INFO MemoryStore: Block broadcast_7 stored as values in memory (estimated size 203.8 KiB, free 433.9 MiB)
[2025-05-21T13:31:55.145+0000] {subprocess.py:93} INFO - 25/05/21 13:31:55 INFO MemoryStore: Block broadcast_7_piece0 stored as bytes in memory (estimated size 35.0 KiB, free 433.9 MiB)
[2025-05-21T13:31:55.153+0000] {subprocess.py:93} INFO - 25/05/21 13:31:55 INFO BlockManagerInfo: Added broadcast_7_piece0 in memory on 90f6607be6b0:41353 (size: 35.0 KiB, free: 434.3 MiB)
[2025-05-21T13:31:55.158+0000] {subprocess.py:93} INFO - 25/05/21 13:31:55 INFO SparkContext: Created broadcast 7 from count at NativeMethodAccessorImpl.java:0
[2025-05-21T13:31:55.164+0000] {subprocess.py:93} INFO - 25/05/21 13:31:55 INFO FileSourceScanExec: Planning scan with bin packing, max size: 33559060 bytes, open cost is considered as scanning 4194304 bytes.
[2025-05-21T13:31:55.210+0000] {subprocess.py:93} INFO - 25/05/21 13:31:55 INFO DAGScheduler: Registering RDD 18 (count at NativeMethodAccessorImpl.java:0) as input to shuffle 1
[2025-05-21T13:31:55.213+0000] {subprocess.py:93} INFO - 25/05/21 13:31:55 INFO DAGScheduler: Got map stage job 4 (count at NativeMethodAccessorImpl.java:0) with 2 output partitions
[2025-05-21T13:31:55.219+0000] {subprocess.py:93} INFO - 25/05/21 13:31:55 INFO DAGScheduler: Final stage: ShuffleMapStage 5 (count at NativeMethodAccessorImpl.java:0)
[2025-05-21T13:31:55.220+0000] {subprocess.py:93} INFO - 25/05/21 13:31:55 INFO DAGScheduler: Parents of final stage: List()
[2025-05-21T13:31:55.221+0000] {subprocess.py:93} INFO - 25/05/21 13:31:55 INFO DAGScheduler: Missing parents: List()
[2025-05-21T13:31:55.224+0000] {subprocess.py:93} INFO - 25/05/21 13:31:55 INFO DAGScheduler: Submitting ShuffleMapStage 5 (MapPartitionsRDD[18] at count at NativeMethodAccessorImpl.java:0), which has no missing parents
[2025-05-21T13:31:55.229+0000] {subprocess.py:93} INFO - 25/05/21 13:31:55 INFO MemoryStore: Block broadcast_8 stored as values in memory (estimated size 15.2 KiB, free 433.9 MiB)
[2025-05-21T13:31:55.235+0000] {subprocess.py:93} INFO - 25/05/21 13:31:55 INFO MemoryStore: Block broadcast_8_piece0 stored as bytes in memory (estimated size 7.8 KiB, free 433.9 MiB)
[2025-05-21T13:31:55.237+0000] {subprocess.py:93} INFO - 25/05/21 13:31:55 INFO BlockManagerInfo: Added broadcast_8_piece0 in memory on 90f6607be6b0:41353 (size: 7.8 KiB, free: 434.3 MiB)
[2025-05-21T13:31:55.239+0000] {subprocess.py:93} INFO - 25/05/21 13:31:55 INFO SparkContext: Created broadcast 8 from broadcast at DAGScheduler.scala:1513
[2025-05-21T13:31:55.242+0000] {subprocess.py:93} INFO - 25/05/21 13:31:55 INFO DAGScheduler: Submitting 2 missing tasks from ShuffleMapStage 5 (MapPartitionsRDD[18] at count at NativeMethodAccessorImpl.java:0) (first 15 tasks are for partitions Vector(0, 1))
[2025-05-21T13:31:55.244+0000] {subprocess.py:93} INFO - 25/05/21 13:31:55 INFO TaskSchedulerImpl: Adding task set 5.0 with 2 tasks resource profile 0
[2025-05-21T13:31:55.257+0000] {subprocess.py:93} INFO - 25/05/21 13:31:55 INFO TaskSetManager: Starting task 0.0 in stage 5.0 (TID 5) (172.18.0.4, executor 0, partition 0, PROCESS_LOCAL, 5666 bytes) taskResourceAssignments Map()
[2025-05-21T13:31:55.259+0000] {subprocess.py:93} INFO - 25/05/21 13:31:55 INFO TaskSetManager: Starting task 1.0 in stage 5.0 (TID 6) (172.18.0.4, executor 0, partition 1, PROCESS_LOCAL, 5666 bytes) taskResourceAssignments Map()
[2025-05-21T13:31:55.303+0000] {subprocess.py:93} INFO - 25/05/21 13:31:55 INFO BlockManagerInfo: Added broadcast_8_piece0 in memory on 172.18.0.4:37831 (size: 7.8 KiB, free: 366.2 MiB)
[2025-05-21T13:31:55.363+0000] {subprocess.py:93} INFO - 25/05/21 13:31:55 INFO BlockManagerInfo: Added broadcast_7_piece0 in memory on 172.18.0.4:37831 (size: 35.0 KiB, free: 366.2 MiB)
[2025-05-21T13:31:55.953+0000] {subprocess.py:93} INFO - 25/05/21 13:31:55 INFO TaskSetManager: Finished task 1.0 in stage 5.0 (TID 6) in 709 ms on 172.18.0.4 (executor 0) (1/2)
[2025-05-21T13:31:55.964+0000] {subprocess.py:93} INFO - 25/05/21 13:31:55 INFO TaskSetManager: Finished task 0.0 in stage 5.0 (TID 5) in 722 ms on 172.18.0.4 (executor 0) (2/2)
[2025-05-21T13:31:55.967+0000] {subprocess.py:93} INFO - 25/05/21 13:31:55 INFO TaskSchedulerImpl: Removed TaskSet 5.0, whose tasks have all completed, from pool
[2025-05-21T13:31:55.969+0000] {subprocess.py:93} INFO - 25/05/21 13:31:55 INFO DAGScheduler: ShuffleMapStage 5 (count at NativeMethodAccessorImpl.java:0) finished in 0.751 s
[2025-05-21T13:31:55.971+0000] {subprocess.py:93} INFO - 25/05/21 13:31:55 INFO DAGScheduler: looking for newly runnable stages
[2025-05-21T13:31:55.972+0000] {subprocess.py:93} INFO - 25/05/21 13:31:55 INFO DAGScheduler: running: Set()
[2025-05-21T13:31:55.973+0000] {subprocess.py:93} INFO - 25/05/21 13:31:55 INFO DAGScheduler: waiting: Set()
[2025-05-21T13:31:55.973+0000] {subprocess.py:93} INFO - 25/05/21 13:31:55 INFO DAGScheduler: failed: Set()
[2025-05-21T13:31:56.024+0000] {subprocess.py:93} INFO - 25/05/21 13:31:56 INFO SparkContext: Starting job: count at NativeMethodAccessorImpl.java:0
[2025-05-21T13:31:56.026+0000] {subprocess.py:93} INFO - 25/05/21 13:31:56 INFO DAGScheduler: Got job 5 (count at NativeMethodAccessorImpl.java:0) with 1 output partitions
[2025-05-21T13:31:56.028+0000] {subprocess.py:93} INFO - 25/05/21 13:31:56 INFO DAGScheduler: Final stage: ResultStage 7 (count at NativeMethodAccessorImpl.java:0)
[2025-05-21T13:31:56.029+0000] {subprocess.py:93} INFO - 25/05/21 13:31:56 INFO DAGScheduler: Parents of final stage: List(ShuffleMapStage 6)
[2025-05-21T13:31:56.031+0000] {subprocess.py:93} INFO - 25/05/21 13:31:56 INFO DAGScheduler: Missing parents: List()
[2025-05-21T13:31:56.032+0000] {subprocess.py:93} INFO - 25/05/21 13:31:56 INFO DAGScheduler: Submitting ResultStage 7 (MapPartitionsRDD[21] at count at NativeMethodAccessorImpl.java:0), which has no missing parents
[2025-05-21T13:31:56.044+0000] {subprocess.py:93} INFO - 25/05/21 13:31:56 INFO MemoryStore: Block broadcast_9 stored as values in memory (estimated size 11.1 KiB, free 433.9 MiB)
[2025-05-21T13:31:56.050+0000] {subprocess.py:93} INFO - 25/05/21 13:31:56 INFO MemoryStore: Block broadcast_9_piece0 stored as bytes in memory (estimated size 5.5 KiB, free 433.9 MiB)
[2025-05-21T13:31:56.053+0000] {subprocess.py:93} INFO - 25/05/21 13:31:56 INFO BlockManagerInfo: Added broadcast_9_piece0 in memory on 90f6607be6b0:41353 (size: 5.5 KiB, free: 434.3 MiB)
[2025-05-21T13:31:56.054+0000] {subprocess.py:93} INFO - 25/05/21 13:31:56 INFO SparkContext: Created broadcast 9 from broadcast at DAGScheduler.scala:1513
[2025-05-21T13:31:56.056+0000] {subprocess.py:93} INFO - 25/05/21 13:31:56 INFO DAGScheduler: Submitting 1 missing tasks from ResultStage 7 (MapPartitionsRDD[21] at count at NativeMethodAccessorImpl.java:0) (first 15 tasks are for partitions Vector(0))
[2025-05-21T13:31:56.057+0000] {subprocess.py:93} INFO - 25/05/21 13:31:56 INFO TaskSchedulerImpl: Adding task set 7.0 with 1 tasks resource profile 0
[2025-05-21T13:31:56.060+0000] {subprocess.py:93} INFO - 25/05/21 13:31:56 INFO TaskSetManager: Starting task 0.0 in stage 7.0 (TID 7) (172.18.0.4, executor 0, partition 0, NODE_LOCAL, 4457 bytes) taskResourceAssignments Map()
[2025-05-21T13:31:56.089+0000] {subprocess.py:93} INFO - 25/05/21 13:31:56 INFO BlockManagerInfo: Added broadcast_9_piece0 in memory on 172.18.0.4:37831 (size: 5.5 KiB, free: 366.2 MiB)
[2025-05-21T13:31:56.109+0000] {subprocess.py:93} INFO - 25/05/21 13:31:56 INFO MapOutputTrackerMasterEndpoint: Asked to send map output locations for shuffle 1 to 172.18.0.4:36360
[2025-05-21T13:31:56.169+0000] {subprocess.py:93} INFO - 25/05/21 13:31:56 INFO BlockManagerInfo: Removed broadcast_8_piece0 on 90f6607be6b0:41353 in memory (size: 7.8 KiB, free: 434.3 MiB)
[2025-05-21T13:31:56.219+0000] {subprocess.py:93} INFO - 25/05/21 13:31:56 INFO TaskSetManager: Finished task 0.0 in stage 7.0 (TID 7) in 159 ms on 172.18.0.4 (executor 0) (1/1)
[2025-05-21T13:31:56.227+0000] {subprocess.py:93} INFO - 25/05/21 13:31:56 INFO TaskSchedulerImpl: Removed TaskSet 7.0, whose tasks have all completed, from pool
[2025-05-21T13:31:56.228+0000] {subprocess.py:93} INFO - 25/05/21 13:31:56 INFO DAGScheduler: ResultStage 7 (count at NativeMethodAccessorImpl.java:0) finished in 0.189 s
[2025-05-21T13:31:56.228+0000] {subprocess.py:93} INFO - 25/05/21 13:31:56 INFO DAGScheduler: Job 5 is finished. Cancelling potential speculative or zombie tasks for this job
[2025-05-21T13:31:56.229+0000] {subprocess.py:93} INFO - 25/05/21 13:31:56 INFO TaskSchedulerImpl: Killing all running tasks in stage 7: Stage finished
[2025-05-21T13:31:56.230+0000] {subprocess.py:93} INFO - 25/05/21 13:31:56 INFO DAGScheduler: Job 5 finished: count at NativeMethodAccessorImpl.java:0, took 0.196680 s
[2025-05-21T13:31:56.231+0000] {subprocess.py:93} INFO - 25/05/21 13:31:56 INFO BlockManagerInfo: Removed broadcast_8_piece0 on 172.18.0.4:37831 in memory (size: 7.8 KiB, free: 366.2 MiB)
[2025-05-21T13:31:56.232+0000] {subprocess.py:93} INFO - 2025-05-21 13:31:56,225 - INFO - Saving weather data to PostgreSQL...
[2025-05-21T13:31:56.240+0000] {subprocess.py:93} INFO - 2025-05-21 13:31:56,225 - INFO - Saving data to PostgreSQL table: dim_weather
[2025-05-21T13:31:56.327+0000] {subprocess.py:93} INFO - 25/05/21 13:31:56 INFO BlockManagerInfo: Removed broadcast_5_piece0 on 90f6607be6b0:41353 in memory (size: 35.0 KiB, free: 434.4 MiB)
[2025-05-21T13:31:56.333+0000] {subprocess.py:93} INFO - 25/05/21 13:31:56 INFO FileSourceStrategy: Pushed Filters:
[2025-05-21T13:31:56.334+0000] {subprocess.py:93} INFO - 25/05/21 13:31:56 INFO FileSourceStrategy: Post-Scan Filters:
[2025-05-21T13:31:56.335+0000] {subprocess.py:93} INFO - 25/05/21 13:31:56 INFO FileSourceStrategy: Output Data Schema: struct<>
[2025-05-21T13:31:56.336+0000] {subprocess.py:93} INFO - 25/05/21 13:31:56 INFO BlockManagerInfo: Removed broadcast_5_piece0 on 172.18.0.4:37831 in memory (size: 35.0 KiB, free: 366.3 MiB)
[2025-05-21T13:31:56.366+0000] {subprocess.py:93} INFO - 25/05/21 13:31:56 INFO BlockManagerInfo: Removed broadcast_6_piece0 on 172.18.0.4:37831 in memory (size: 9.2 KiB, free: 366.3 MiB)
[2025-05-21T13:31:56.368+0000] {subprocess.py:93} INFO - 25/05/21 13:31:56 INFO BlockManagerInfo: Removed broadcast_6_piece0 on 90f6607be6b0:41353 in memory (size: 9.2 KiB, free: 434.4 MiB)
[2025-05-21T13:31:56.402+0000] {subprocess.py:93} INFO - 25/05/21 13:31:56 INFO MemoryStore: Block broadcast_10 stored as values in memory (estimated size 203.8 KiB, free 434.0 MiB)
[2025-05-21T13:31:56.435+0000] {subprocess.py:93} INFO - 25/05/21 13:31:56 INFO MemoryStore: Block broadcast_10_piece0 stored as bytes in memory (estimated size 35.0 KiB, free 433.9 MiB)
[2025-05-21T13:31:56.439+0000] {subprocess.py:93} INFO - 25/05/21 13:31:56 INFO BlockManagerInfo: Added broadcast_10_piece0 in memory on 90f6607be6b0:41353 (size: 35.0 KiB, free: 434.3 MiB)
[2025-05-21T13:31:56.441+0000] {subprocess.py:93} INFO - 25/05/21 13:31:56 INFO SparkContext: Created broadcast 10 from count at NativeMethodAccessorImpl.java:0
[2025-05-21T13:31:56.445+0000] {subprocess.py:93} INFO - 25/05/21 13:31:56 INFO FileSourceScanExec: Planning scan with bin packing, max size: 33559060 bytes, open cost is considered as scanning 4194304 bytes.
[2025-05-21T13:31:56.471+0000] {subprocess.py:93} INFO - 25/05/21 13:31:56 INFO DAGScheduler: Registering RDD 25 (count at NativeMethodAccessorImpl.java:0) as input to shuffle 2
[2025-05-21T13:31:56.473+0000] {subprocess.py:93} INFO - 25/05/21 13:31:56 INFO DAGScheduler: Got map stage job 6 (count at NativeMethodAccessorImpl.java:0) with 2 output partitions
[2025-05-21T13:31:56.474+0000] {subprocess.py:93} INFO - 25/05/21 13:31:56 INFO DAGScheduler: Final stage: ShuffleMapStage 8 (count at NativeMethodAccessorImpl.java:0)
[2025-05-21T13:31:56.475+0000] {subprocess.py:93} INFO - 25/05/21 13:31:56 INFO DAGScheduler: Parents of final stage: List()
[2025-05-21T13:31:56.476+0000] {subprocess.py:93} INFO - 25/05/21 13:31:56 INFO DAGScheduler: Missing parents: List()
[2025-05-21T13:31:56.477+0000] {subprocess.py:93} INFO - 25/05/21 13:31:56 INFO DAGScheduler: Submitting ShuffleMapStage 8 (MapPartitionsRDD[25] at count at NativeMethodAccessorImpl.java:0), which has no missing parents
[2025-05-21T13:31:56.487+0000] {subprocess.py:93} INFO - 25/05/21 13:31:56 INFO MemoryStore: Block broadcast_11 stored as values in memory (estimated size 15.2 KiB, free 433.9 MiB)
[2025-05-21T13:31:56.489+0000] {subprocess.py:93} INFO - 25/05/21 13:31:56 INFO MemoryStore: Block broadcast_11_piece0 stored as bytes in memory (estimated size 7.8 KiB, free 433.9 MiB)
[2025-05-21T13:31:56.491+0000] {subprocess.py:93} INFO - 25/05/21 13:31:56 INFO BlockManagerInfo: Added broadcast_11_piece0 in memory on 90f6607be6b0:41353 (size: 7.8 KiB, free: 434.3 MiB)
[2025-05-21T13:31:56.492+0000] {subprocess.py:93} INFO - 25/05/21 13:31:56 INFO SparkContext: Created broadcast 11 from broadcast at DAGScheduler.scala:1513
[2025-05-21T13:31:56.493+0000] {subprocess.py:93} INFO - 25/05/21 13:31:56 INFO DAGScheduler: Submitting 2 missing tasks from ShuffleMapStage 8 (MapPartitionsRDD[25] at count at NativeMethodAccessorImpl.java:0) (first 15 tasks are for partitions Vector(0, 1))
[2025-05-21T13:31:56.494+0000] {subprocess.py:93} INFO - 25/05/21 13:31:56 INFO TaskSchedulerImpl: Adding task set 8.0 with 2 tasks resource profile 0
[2025-05-21T13:31:56.496+0000] {subprocess.py:93} INFO - 25/05/21 13:31:56 INFO TaskSetManager: Starting task 0.0 in stage 8.0 (TID 8) (172.18.0.4, executor 0, partition 0, PROCESS_LOCAL, 5666 bytes) taskResourceAssignments Map()
[2025-05-21T13:31:56.501+0000] {subprocess.py:93} INFO - 25/05/21 13:31:56 INFO TaskSetManager: Starting task 1.0 in stage 8.0 (TID 9) (172.18.0.4, executor 0, partition 1, PROCESS_LOCAL, 5666 bytes) taskResourceAssignments Map()
[2025-05-21T13:31:56.530+0000] {subprocess.py:93} INFO - 25/05/21 13:31:56 INFO BlockManagerInfo: Added broadcast_11_piece0 in memory on 172.18.0.4:37831 (size: 7.8 KiB, free: 366.3 MiB)
[2025-05-21T13:31:56.567+0000] {subprocess.py:93} INFO - 25/05/21 13:31:56 INFO BlockManagerInfo: Added broadcast_10_piece0 in memory on 172.18.0.4:37831 (size: 35.0 KiB, free: 366.2 MiB)
[2025-05-21T13:31:57.568+0000] {subprocess.py:93} INFO - 25/05/21 13:31:57 INFO TaskSetManager: Finished task 1.0 in stage 8.0 (TID 9) in 1069 ms on 172.18.0.4 (executor 0) (1/2)
[2025-05-21T13:31:57.665+0000] {subprocess.py:93} INFO - 25/05/21 13:31:57 INFO TaskSetManager: Finished task 0.0 in stage 8.0 (TID 8) in 1170 ms on 172.18.0.4 (executor 0) (2/2)
[2025-05-21T13:31:57.671+0000] {subprocess.py:93} INFO - 25/05/21 13:31:57 INFO TaskSchedulerImpl: Removed TaskSet 8.0, whose tasks have all completed, from pool
[2025-05-21T13:31:57.672+0000] {subprocess.py:93} INFO - 25/05/21 13:31:57 INFO DAGScheduler: ShuffleMapStage 8 (count at NativeMethodAccessorImpl.java:0) finished in 1.191 s
[2025-05-21T13:31:57.674+0000] {subprocess.py:93} INFO - 25/05/21 13:31:57 INFO DAGScheduler: looking for newly runnable stages
[2025-05-21T13:31:57.675+0000] {subprocess.py:93} INFO - 25/05/21 13:31:57 INFO DAGScheduler: running: Set()
[2025-05-21T13:31:57.680+0000] {subprocess.py:93} INFO - 25/05/21 13:31:57 INFO DAGScheduler: waiting: Set()
[2025-05-21T13:31:57.681+0000] {subprocess.py:93} INFO - 25/05/21 13:31:57 INFO DAGScheduler: failed: Set()
[2025-05-21T13:31:57.735+0000] {subprocess.py:93} INFO - 25/05/21 13:31:57 INFO SparkContext: Starting job: count at NativeMethodAccessorImpl.java:0
[2025-05-21T13:31:57.738+0000] {subprocess.py:93} INFO - 25/05/21 13:31:57 INFO DAGScheduler: Got job 7 (count at NativeMethodAccessorImpl.java:0) with 1 output partitions
[2025-05-21T13:31:57.743+0000] {subprocess.py:93} INFO - 25/05/21 13:31:57 INFO DAGScheduler: Final stage: ResultStage 10 (count at NativeMethodAccessorImpl.java:0)
[2025-05-21T13:31:57.747+0000] {subprocess.py:93} INFO - 25/05/21 13:31:57 INFO DAGScheduler: Parents of final stage: List(ShuffleMapStage 9)
[2025-05-21T13:31:57.752+0000] {subprocess.py:93} INFO - 25/05/21 13:31:57 INFO DAGScheduler: Missing parents: List()
[2025-05-21T13:31:57.756+0000] {subprocess.py:93} INFO - 25/05/21 13:31:57 INFO DAGScheduler: Submitting ResultStage 10 (MapPartitionsRDD[28] at count at NativeMethodAccessorImpl.java:0), which has no missing parents
[2025-05-21T13:31:57.757+0000] {subprocess.py:93} INFO - 25/05/21 13:31:57 INFO MemoryStore: Block broadcast_12 stored as values in memory (estimated size 11.1 KiB, free 433.9 MiB)
[2025-05-21T13:31:57.761+0000] {subprocess.py:93} INFO - 25/05/21 13:31:57 INFO MemoryStore: Block broadcast_12_piece0 stored as bytes in memory (estimated size 5.5 KiB, free 433.9 MiB)
[2025-05-21T13:31:57.765+0000] {subprocess.py:93} INFO - 25/05/21 13:31:57 INFO BlockManagerInfo: Added broadcast_12_piece0 in memory on 90f6607be6b0:41353 (size: 5.5 KiB, free: 434.3 MiB)
[2025-05-21T13:31:57.767+0000] {subprocess.py:93} INFO - 25/05/21 13:31:57 INFO SparkContext: Created broadcast 12 from broadcast at DAGScheduler.scala:1513
[2025-05-21T13:31:57.768+0000] {subprocess.py:93} INFO - 25/05/21 13:31:57 INFO DAGScheduler: Submitting 1 missing tasks from ResultStage 10 (MapPartitionsRDD[28] at count at NativeMethodAccessorImpl.java:0) (first 15 tasks are for partitions Vector(0))
[2025-05-21T13:31:57.771+0000] {subprocess.py:93} INFO - 25/05/21 13:31:57 INFO TaskSchedulerImpl: Adding task set 10.0 with 1 tasks resource profile 0
[2025-05-21T13:31:57.772+0000] {subprocess.py:93} INFO - 25/05/21 13:31:57 INFO TaskSetManager: Starting task 0.0 in stage 10.0 (TID 10) (172.18.0.4, executor 0, partition 0, NODE_LOCAL, 4457 bytes) taskResourceAssignments Map()
[2025-05-21T13:31:57.811+0000] {subprocess.py:93} INFO - 25/05/21 13:31:57 INFO BlockManagerInfo: Added broadcast_12_piece0 in memory on 172.18.0.4:37831 (size: 5.5 KiB, free: 366.2 MiB)
[2025-05-21T13:31:57.824+0000] {subprocess.py:93} INFO - 25/05/21 13:31:57 INFO MapOutputTrackerMasterEndpoint: Asked to send map output locations for shuffle 2 to 172.18.0.4:36360
[2025-05-21T13:31:57.852+0000] {subprocess.py:93} INFO - 25/05/21 13:31:57 INFO TaskSetManager: Finished task 0.0 in stage 10.0 (TID 10) in 82 ms on 172.18.0.4 (executor 0) (1/1)
[2025-05-21T13:31:57.853+0000] {subprocess.py:93} INFO - 25/05/21 13:31:57 INFO TaskSchedulerImpl: Removed TaskSet 10.0, whose tasks have all completed, from pool
[2025-05-21T13:31:57.855+0000] {subprocess.py:93} INFO - 25/05/21 13:31:57 INFO DAGScheduler: ResultStage 10 (count at NativeMethodAccessorImpl.java:0) finished in 0.107 s
[2025-05-21T13:31:57.859+0000] {subprocess.py:93} INFO - 25/05/21 13:31:57 INFO DAGScheduler: Job 7 is finished. Cancelling potential speculative or zombie tasks for this job
[2025-05-21T13:31:57.861+0000] {subprocess.py:93} INFO - 25/05/21 13:31:57 INFO TaskSchedulerImpl: Killing all running tasks in stage 10: Stage finished
[2025-05-21T13:31:57.864+0000] {subprocess.py:93} INFO - 25/05/21 13:31:57 INFO DAGScheduler: Job 7 finished: count at NativeMethodAccessorImpl.java:0, took 0.118959 s
[2025-05-21T13:31:57.866+0000] {subprocess.py:93} INFO - 2025-05-21 13:31:57,857 - INFO - DataFrame has 16 rows to save.
[2025-05-21T13:31:57.866+0000] {subprocess.py:93} INFO - 2025-05-21 13:31:57,858 - INFO - Preparing JDBC connection properties...
[2025-05-21T13:31:57.867+0000] {subprocess.py:93} INFO - 2025-05-21 13:31:57,858 - INFO - Creating PostgreSQL URL...
[2025-05-21T13:31:57.868+0000] {subprocess.py:93} INFO - 2025-05-21 13:31:57,858 - INFO - PostgreSQL URL: jdbc:***ql://***:5432/nyc_taxi_db
[2025-05-21T13:31:57.869+0000] {subprocess.py:93} INFO - 2025-05-21 13:31:57,858 - INFO - Testing connection to PostgreSQL...
[2025-05-21T13:31:57.870+0000] {subprocess.py:93} INFO - 2025-05-21 13:31:57,865 - INFO - Starting write operation to PostgreSQL...
[2025-05-21T13:31:58.760+0000] {subprocess.py:93} INFO - 25/05/21 13:31:58 INFO FileSourceStrategy: Pushed Filters:
[2025-05-21T13:31:58.761+0000] {subprocess.py:93} INFO - 25/05/21 13:31:58 INFO FileSourceStrategy: Post-Scan Filters:
[2025-05-21T13:31:58.762+0000] {subprocess.py:93} INFO - 25/05/21 13:31:58 INFO FileSourceStrategy: Output Data Schema: struct<weather: struct<id: int, main: string, description: string, icon: string ... 2 more fields>, main: struct<temp: double, feels_like: double, temp_min: double, temp_max: double, pressure: int ... 1 more field>, wind: struct<speed: double, deg: int, gust: double ... 1 more fields>, dt: int ... 2 more fields>
[2025-05-21T13:31:58.860+0000] {subprocess.py:93} INFO - 25/05/21 13:31:58 INFO CodeGenerator: Code generated in 70.295269 ms
[2025-05-21T13:31:58.870+0000] {subprocess.py:93} INFO - 25/05/21 13:31:58 INFO MemoryStore: Block broadcast_13 stored as values in memory (estimated size 203.8 KiB, free 433.7 MiB)
[2025-05-21T13:31:58.961+0000] {subprocess.py:93} INFO - 25/05/21 13:31:58 INFO BlockManagerInfo: Removed broadcast_12_piece0 on 172.18.0.4:37831 in memory (size: 5.5 KiB, free: 366.2 MiB)
[2025-05-21T13:31:58.969+0000] {subprocess.py:93} INFO - 25/05/21 13:31:58 INFO MemoryStore: Block broadcast_13_piece0 stored as bytes in memory (estimated size 35.0 KiB, free 433.6 MiB)
[2025-05-21T13:31:58.971+0000] {subprocess.py:93} INFO - 25/05/21 13:31:58 INFO BlockManagerInfo: Added broadcast_13_piece0 in memory on 90f6607be6b0:41353 (size: 35.0 KiB, free: 434.3 MiB)
[2025-05-21T13:31:58.973+0000] {subprocess.py:93} INFO - 25/05/21 13:31:58 INFO SparkContext: Created broadcast 13 from jdbc at NativeMethodAccessorImpl.java:0
[2025-05-21T13:31:58.978+0000] {subprocess.py:93} INFO - 25/05/21 13:31:58 INFO BlockManagerInfo: Removed broadcast_12_piece0 on 90f6607be6b0:41353 in memory (size: 5.5 KiB, free: 434.3 MiB)
[2025-05-21T13:31:58.983+0000] {subprocess.py:93} INFO - 25/05/21 13:31:58 INFO FileSourceScanExec: Planning scan with bin packing, max size: 33559060 bytes, open cost is considered as scanning 4194304 bytes.
[2025-05-21T13:31:59.060+0000] {subprocess.py:93} INFO - 25/05/21 13:31:59 INFO BlockManagerInfo: Removed broadcast_9_piece0 on 172.18.0.4:37831 in memory (size: 5.5 KiB, free: 366.2 MiB)
[2025-05-21T13:31:59.166+0000] {subprocess.py:93} INFO - 25/05/21 13:31:59 INFO BlockManagerInfo: Removed broadcast_9_piece0 on 90f6607be6b0:41353 in memory (size: 5.5 KiB, free: 434.3 MiB)
[2025-05-21T13:31:59.217+0000] {subprocess.py:93} INFO - 25/05/21 13:31:59 INFO BlockManagerInfo: Removed broadcast_7_piece0 on 90f6607be6b0:41353 in memory (size: 35.0 KiB, free: 434.3 MiB)
[2025-05-21T13:31:59.222+0000] {subprocess.py:93} INFO - 25/05/21 13:31:59 INFO BlockManagerInfo: Removed broadcast_7_piece0 on 172.18.0.4:37831 in memory (size: 35.0 KiB, free: 366.3 MiB)
[2025-05-21T13:31:59.270+0000] {subprocess.py:93} INFO - 25/05/21 13:31:59 INFO SparkContext: Starting job: jdbc at NativeMethodAccessorImpl.java:0
[2025-05-21T13:31:59.281+0000] {subprocess.py:93} INFO - 25/05/21 13:31:59 INFO DAGScheduler: Got job 8 (jdbc at NativeMethodAccessorImpl.java:0) with 2 output partitions
[2025-05-21T13:31:59.282+0000] {subprocess.py:93} INFO - 25/05/21 13:31:59 INFO DAGScheduler: Final stage: ResultStage 11 (jdbc at NativeMethodAccessorImpl.java:0)
[2025-05-21T13:31:59.283+0000] {subprocess.py:93} INFO - 25/05/21 13:31:59 INFO DAGScheduler: Parents of final stage: List()
[2025-05-21T13:31:59.284+0000] {subprocess.py:93} INFO - 25/05/21 13:31:59 INFO DAGScheduler: Missing parents: List()
[2025-05-21T13:31:59.297+0000] {subprocess.py:93} INFO - 25/05/21 13:31:59 INFO DAGScheduler: Submitting ResultStage 11 (MapPartitionsRDD[34] at jdbc at NativeMethodAccessorImpl.java:0), which has no missing parents
[2025-05-21T13:31:59.361+0000] {subprocess.py:93} INFO - 25/05/21 13:31:59 INFO BlockManagerInfo: Removed broadcast_10_piece0 on 90f6607be6b0:41353 in memory (size: 35.0 KiB, free: 434.4 MiB)
[2025-05-21T13:31:59.372+0000] {subprocess.py:93} INFO - 25/05/21 13:31:59 INFO BlockManagerInfo: Removed broadcast_10_piece0 on 172.18.0.4:37831 in memory (size: 35.0 KiB, free: 366.3 MiB)
[2025-05-21T13:31:59.439+0000] {subprocess.py:93} INFO - 25/05/21 13:31:59 INFO BlockManagerInfo: Removed broadcast_11_piece0 on 172.18.0.4:37831 in memory (size: 7.8 KiB, free: 366.3 MiB)
[2025-05-21T13:31:59.454+0000] {subprocess.py:93} INFO - 25/05/21 13:31:59 INFO BlockManagerInfo: Removed broadcast_11_piece0 on 90f6607be6b0:41353 in memory (size: 7.8 KiB, free: 434.4 MiB)
[2025-05-21T13:31:59.570+0000] {subprocess.py:93} INFO - 25/05/21 13:31:59 INFO MemoryStore: Block broadcast_14 stored as values in memory (estimated size 42.6 KiB, free 434.1 MiB)
[2025-05-21T13:31:59.573+0000] {subprocess.py:93} INFO - 25/05/21 13:31:59 INFO MemoryStore: Block broadcast_14_piece0 stored as bytes in memory (estimated size 18.9 KiB, free 434.1 MiB)
[2025-05-21T13:31:59.574+0000] {subprocess.py:93} INFO - 25/05/21 13:31:59 INFO BlockManagerInfo: Added broadcast_14_piece0 in memory on 90f6607be6b0:41353 (size: 18.9 KiB, free: 434.3 MiB)
[2025-05-21T13:31:59.575+0000] {subprocess.py:93} INFO - 25/05/21 13:31:59 INFO SparkContext: Created broadcast 14 from broadcast at DAGScheduler.scala:1513
[2025-05-21T13:31:59.577+0000] {subprocess.py:93} INFO - 25/05/21 13:31:59 INFO DAGScheduler: Submitting 2 missing tasks from ResultStage 11 (MapPartitionsRDD[34] at jdbc at NativeMethodAccessorImpl.java:0) (first 15 tasks are for partitions Vector(0, 1))
[2025-05-21T13:31:59.577+0000] {subprocess.py:93} INFO - 25/05/21 13:31:59 INFO TaskSchedulerImpl: Adding task set 11.0 with 2 tasks resource profile 0
[2025-05-21T13:31:59.579+0000] {subprocess.py:93} INFO - 25/05/21 13:31:59 INFO TaskSetManager: Starting task 0.0 in stage 11.0 (TID 11) (172.18.0.4, executor 0, partition 0, PROCESS_LOCAL, 5677 bytes) taskResourceAssignments Map()
[2025-05-21T13:31:59.579+0000] {subprocess.py:93} INFO - 25/05/21 13:31:59 INFO TaskSetManager: Starting task 1.0 in stage 11.0 (TID 12) (172.18.0.4, executor 0, partition 1, PROCESS_LOCAL, 5677 bytes) taskResourceAssignments Map()
[2025-05-21T13:31:59.649+0000] {subprocess.py:93} INFO - 25/05/21 13:31:59 INFO BlockManagerInfo: Added broadcast_14_piece0 in memory on 172.18.0.4:37831 (size: 18.9 KiB, free: 366.3 MiB)
[2025-05-21T13:32:05.807+0000] {subprocess.py:93} INFO - 25/05/21 13:32:05 INFO BlockManagerInfo: Added broadcast_13_piece0 in memory on 172.18.0.4:37831 (size: 35.0 KiB, free: 366.2 MiB)
[2025-05-21T13:32:06.715+0000] {subprocess.py:93} INFO - 25/05/21 13:32:06 INFO TaskSetManager: Finished task 0.0 in stage 11.0 (TID 11) in 7136 ms on 172.18.0.4 (executor 0) (1/2)
[2025-05-21T13:32:06.741+0000] {subprocess.py:93} INFO - 25/05/21 13:32:06 INFO TaskSetManager: Finished task 1.0 in stage 11.0 (TID 12) in 7161 ms on 172.18.0.4 (executor 0) (2/2)
[2025-05-21T13:32:06.750+0000] {subprocess.py:93} INFO - 25/05/21 13:32:06 INFO TaskSchedulerImpl: Removed TaskSet 11.0, whose tasks have all completed, from pool
[2025-05-21T13:32:06.752+0000] {subprocess.py:93} INFO - 25/05/21 13:32:06 INFO DAGScheduler: ResultStage 11 (jdbc at NativeMethodAccessorImpl.java:0) finished in 7.437 s
[2025-05-21T13:32:06.756+0000] {subprocess.py:93} INFO - 25/05/21 13:32:06 INFO DAGScheduler: Job 8 is finished. Cancelling potential speculative or zombie tasks for this job
[2025-05-21T13:32:06.758+0000] {subprocess.py:93} INFO - 25/05/21 13:32:06 INFO TaskSchedulerImpl: Killing all running tasks in stage 11: Stage finished
[2025-05-21T13:32:06.770+0000] {subprocess.py:93} INFO - 25/05/21 13:32:06 INFO DAGScheduler: Job 8 finished: jdbc at NativeMethodAccessorImpl.java:0, took 7.502721 s
[2025-05-21T13:32:07.135+0000] {subprocess.py:93} INFO - 2025-05-21 13:32:07,135 - INFO - Successfully saved 16 rows to PostgreSQL table: dim_weather
[2025-05-21T13:32:07.137+0000] {subprocess.py:93} INFO - 2025-05-21 13:32:07,135 - INFO - Weather data processing completed successfully
[2025-05-21T13:32:07.138+0000] {subprocess.py:93} INFO - 2025-05-21 13:32:07,135 - INFO - Stopping Spark session...
[2025-05-21T13:32:07.173+0000] {subprocess.py:93} INFO - 25/05/21 13:32:07 INFO SparkUI: Stopped Spark web UI at http://90f6607be6b0:4040
[2025-05-21T13:32:07.185+0000] {subprocess.py:93} INFO - 25/05/21 13:32:07 INFO StandaloneSchedulerBackend: Shutting down all executors
[2025-05-21T13:32:07.188+0000] {subprocess.py:93} INFO - 25/05/21 13:32:07 INFO CoarseGrainedSchedulerBackend$DriverEndpoint: Asking each executor to shut down
[2025-05-21T13:32:07.242+0000] {subprocess.py:93} INFO - 25/05/21 13:32:07 INFO MapOutputTrackerMasterEndpoint: MapOutputTrackerMasterEndpoint stopped!
[2025-05-21T13:32:07.320+0000] {subprocess.py:93} INFO - 25/05/21 13:32:07 INFO MemoryStore: MemoryStore cleared
[2025-05-21T13:32:07.321+0000] {subprocess.py:93} INFO - 25/05/21 13:32:07 INFO BlockManager: BlockManager stopped
[2025-05-21T13:32:07.343+0000] {subprocess.py:93} INFO - 25/05/21 13:32:07 INFO BlockManagerMaster: BlockManagerMaster stopped
[2025-05-21T13:32:07.368+0000] {subprocess.py:93} INFO - 25/05/21 13:32:07 INFO OutputCommitCoordinator$OutputCommitCoordinatorEndpoint: OutputCommitCoordinator stopped!
[2025-05-21T13:32:07.422+0000] {subprocess.py:93} INFO - 25/05/21 13:32:07 INFO SparkContext: Successfully stopped SparkContext
[2025-05-21T13:32:07.833+0000] {subprocess.py:93} INFO - 2025-05-21 13:32:07,833 - INFO - Spark session stopped
[2025-05-21T13:32:07.973+0000] {subprocess.py:93} INFO - 25/05/21 13:32:07 INFO ShutdownHookManager: Shutdown hook called
[2025-05-21T13:32:07.975+0000] {subprocess.py:93} INFO - 25/05/21 13:32:07 INFO ShutdownHookManager: Deleting directory /tmp/spark-a76b19cb-aea7-4e53-b7a8-f1f70646779f
[2025-05-21T13:32:07.993+0000] {subprocess.py:93} INFO - 25/05/21 13:32:07 INFO ShutdownHookManager: Deleting directory /tmp/spark-959db986-b7f1-4180-92e6-1460c680ffc5/pyspark-95136b2f-2318-40ba-841c-1cb4ca9ca2c6
[2025-05-21T13:32:08.008+0000] {subprocess.py:93} INFO - 25/05/21 13:32:08 INFO ShutdownHookManager: Deleting directory /tmp/spark-959db986-b7f1-4180-92e6-1460c680ffc5
[2025-05-21T13:32:08.024+0000] {subprocess.py:93} INFO - 25/05/21 13:32:08 INFO MetricsSystemImpl: Stopping s3a-file-system metrics system...
[2025-05-21T13:32:08.025+0000] {subprocess.py:93} INFO - 25/05/21 13:32:08 INFO MetricsSystemImpl: s3a-file-system metrics system stopped.
[2025-05-21T13:32:08.028+0000] {subprocess.py:93} INFO - 25/05/21 13:32:08 INFO MetricsSystemImpl: s3a-file-system metrics system shutdown complete.
[2025-05-21T13:32:08.155+0000] {subprocess.py:97} INFO - Command exited with return code 0
[2025-05-21T13:32:08.217+0000] {taskinstance.py:1398} INFO - Marking task as SUCCESS. dag_id=weather_streaming_pipeline, task_id=process_weather_data, execution_date=20250521T132954, start_date=20250521T133009, end_date=20250521T133208
[2025-05-21T13:32:08.291+0000] {local_task_job_runner.py:228} INFO - Task exited with return code 0
[2025-05-21T13:32:08.325+0000] {taskinstance.py:2776} INFO - 0 downstream tasks scheduled from follow-on schedule check
